1	16	6	1.0	1.0	31.0	इ॒मे सोमा॑स॒ इन्द॑वः सु॒तासो॒ अधि॑ ब॒र्हिषि॑ । ताँ इ॑न्द्र॒ सह॑से पिब ॥	1	-1	[[-1]]
1	19	7	1.0	1.0	37.0	य ई॒ङ्खय॑न्ति॒ पर्व॑तान्ति॒रः स॑मु॒द्रम॑र्ण॒वम् । म॒रुद्भि॑रग्न॒ आ ग॑हि ॥	1	-1	[[-1]]
1	23	19	1.0	2.0	11.0	अ॒प्स्व१॒॑न्तर॒मृत॑म॒प्सु भे॑ष॒जम॒पामु॒त प्रश॑स्तये । देवा॒ भव॑त वा॒जिन॑ः ॥	1	-1	[[-1]]
1	30	15	1.0	2.0		आ यद्दुव॑ः शतक्रत॒वा कामं॑ जरितॄ॒णाम् । ऋ॒णोरक्षं॒ न शची॑भिः ॥	1	-1	[[-1]]
1	42	5				आ तत्ते॑ दस्र मन्तुम॒ः पूष॒न्नवो॑ वृणीमहे । येन॑ पि॒तॄनचो॑दयः ॥	1	-1	[[-1]]
1	52	4				आ यं पृ॒णन्ति॑ दि॒वि सद्म॑बर्हिषः समु॒द्रं न सु॒भ्व१॒॑ः स्वा अ॒भिष्ट॑यः । तं वृ॑त्र॒हत्ये॒ अनु॑ तस्थुरू॒तय॒ः शुष्मा॒ इन्द्र॑मवा॒ता अह्रु॑तप्सवः ॥	1	-1	[[-1]]
1	53	2				दु॒रो अश्व॑स्य दु॒र इ॑न्द्र॒ गोर॑सि दु॒रो यव॑स्य॒ वसु॑न इ॒नस्पति॑ः । शि॒क्षा॒न॒रः प्र॒दिवो॒ अका॑मकर्शन॒ः सखा॒ सखि॑भ्य॒स्तमि॒दं गृ॑णीमसि ॥	1	-1	[[-1]]
1	54	9				तुभ्येदे॒ते ब॑हु॒ला अद्रि॑दुग्धाश्चमू॒षद॑श्चम॒सा इ॑न्द्र॒पाना॑ः । व्य॑श्नुहि त॒र्पया॒ काम॑मेषा॒मथा॒ मनो॑ वसु॒देया॑य कृष्व ॥	1	-1	[[-1]]
1	55	4				स इद्वने॑ नम॒स्युभि॑र्वचस्यते॒ चारु॒ जने॑षु प्रब्रुवा॒ण इ॑न्द्रि॒यम् । वृषा॒ छन्दु॑र्भवति हर्य॒तो वृषा॒ क्षेमे॑ण॒ धेनां॑ म॒घवा॒ यदिन्व॑ति ॥	1	-1	[[-1]]
1	55	7				दा॒नाय॒ मन॑ः सोमपावन्नस्तु ते॒ऽर्वाञ्चा॒ हरी॑ वन्दनश्रु॒दा कृ॑धि । यमि॑ष्ठास॒ः सार॑थयो॒ य इ॑न्द्र ते॒ न त्वा॒ केता॒ आ द॑भ्नुवन्ति॒ भूर्ण॑यः ॥	1	-1	[[-1]]
1	56	6				त्वं दि॒वो ध॒रुणं॑ धिष॒ ओज॑सा पृथि॒व्या इ॑न्द्र॒ सद॑नेषु॒ माहि॑नः । त्वं सु॒तस्य॒ मदे॑ अरिणा अ॒पो वि वृ॒त्रस्य॑ स॒मया॑ पा॒ष्या॑रुजः ॥	1	-1	[[-1]]
1	58	3				क्रा॒णा रु॒द्रेभि॒र्वसु॑भिः पु॒रोहि॑तो॒ होता॒ निष॑त्तो रयि॒षाळम॑र्त्यः । रथो॒ न वि॒क्ष्वृ॑ञ्जसा॒न आ॒युषु॒ व्या॑नु॒षग्वार्या॑ दे॒व ऋ॑ण्वति ॥	1	-1	[[-1]]
1	63	1				त्वं म॒हाँ इ॑न्द्र॒ यो ह॒ शुष्मै॒र्द्यावा॑ जज्ञा॒नः पृ॑थि॒वी अमे॑ धाः । यद्ध॑ ते॒ विश्वा॑ गि॒रय॑श्चि॒दभ्वा॑ भि॒या दृ॒ळ्हास॑ः कि॒रणा॒ नैज॑न् ॥	1	-1	[[-1]]
1	63	3				त्वं स॒त्य इ॑न्द्र धृ॒ष्णुरे॒तान्त्वमृ॑भु॒क्षा नर्य॒स्त्वं षाट् । त्वं शुष्णं॑ वृ॒जने॑ पृ॒क्ष आ॒णौ यूने॒ कुत्सा॑य द्यु॒मते॒ सचा॑हन् ॥	1	-1	[[-1]]
1	65	6				अत्यो॒ नाज्म॒न्सर्ग॑प्रतक्त॒ः सिन्धु॒र्न क्षोद॒ः क ईं॑ वराते ॥	1	-1	[[-1]]
1	66	01 र॒यिर्न चि॒त्रा सूरो॒ न सं॒दृगायु॒र्न प्रा॒णो नित्यो॒ न सू॒नुः ॥					1	-1	[[-1]]
1	66	02 तक्वा॒ न भूर्णि॒र्वना॑ सिषक्ति॒ पयो॒ न धे॒नुः शुचि॑र्वि॒भावा॑ ॥					1	-1	[[-1]]
1	66	03 दा॒धार॒ क्षेम॒मोको॒ न र॒ण्वो यवो॒ न प॒क्वो जेता॒ जना॑नाम् ॥					1	-1	[[-1]]
1	66	04 ऋषि॒र्न स्तुभ्वा॑ वि॒क्षु प्र॑श॒स्तो वा॒जी न प्री॒तो वयो॑ दधाति ॥					1	-1	[[-1]]
1	66	05 दु॒रोक॑शोचि॒ः क्रतु॒र्न नित्यो॑ जा॒येव॒ योना॒वरं॒ विश्व॑स्मै ॥					1	-1	[[-1]]
1	66	06 चि॒त्रो यदभ्रा॑ट् छ्वे॒तो न वि॒क्षु रथो॒ न रु॒क्मी त्वे॒षः स॒मत्सु॑ ॥					1	-1	[[-1]]
1	66	07 सेने॑व सृ॒ष्टामं॑ दधा॒त्यस्तु॒र्न दि॒द्युत्त्वे॒षप्र॑तीका ॥					1	-1	[[-1]]
1	66	08 य॒मो ह॑ जा॒तो य॒मो जनि॑त्वं जा॒रः क॒नीनां॒ पति॒र्जनी॑नाम् ॥					1	-1	[[-1]]
1	66	09 तं व॑श्च॒राथा॑ व॒यं व॑स॒त्यास्तं॒ न गावो॒ नक्ष॑न्त इ॒द्धम् ॥					1	-1	[[-1]]
1	66	10 सिन्धु॒र्न क्षोद॒ः प्र नीची॑रैनो॒न्नव॑न्त॒ गाव॒ः स्व१॒॑र्दृशी॑के ॥					1	-1	[[-1]]
1	67	01 वने॑षु जा॒युर्मर्ते॑षु मि॒त्रो वृ॑णी॒ते श्रु॒ष्टिं राजे॑वाजु॒र्यम् ॥					1	-1	[[-1]]
1	67	02 क्षेमो॒ न सा॒धुः क्रतु॒र्न भ॒द्रो भुव॑त्स्वा॒धीर्होता॑ हव्य॒वाट् ॥					1	-1	[[-1]]
1	67	03 हस्ते॒ दधा॑नो नृ॒म्णा विश्वा॒न्यमे॑ दे॒वान्धा॒द्गुहा॑ नि॒षीद॑न् ॥					1	-1	[[-1]]
1	67	04 वि॒दन्ती॒मत्र॒ नरो॑ धियं॒धा हृ॒दा यत्त॒ष्टान्मन्त्राँ॒ अशं॑सन् ॥					1	-1	[[-1]]
1	67	05 अ॒जो न क्षां दा॒धार॑ पृथि॒वीं त॒स्तम्भ॒ द्यां मन्त्रे॑भिः स॒त्यैः ॥					1	-1	[[-1]]
1	67	06 प्रि॒या प॒दानि॑ प॒श्वो नि पा॑हि वि॒श्वायु॑रग्ने गु॒हा गुहं॑ गाः ॥					1	-1	[[-1]]
1	67	07 य ईं॑ चि॒केत॒ गुहा॒ भव॑न्त॒मा यः स॒साद॒ धारा॑मृ॒तस्य॑ ॥					1	-1	[[-1]]
1	67	08 वि ये चृ॒तन्त्यृ॒ता सप॑न्त॒ आदिद्वसू॑नि॒ प्र व॑वाचास्मै ॥					1	-1	[[-1]]
1	67	09 वि यो वी॒रुत्सु॒ रोध॑न्महि॒त्वोत प्र॒जा उ॒त प्र॒सूष्व॒न्तः ॥					1	-1	[[-1]]
1	67	10 चित्ति॑र॒पां दमे॑ वि॒श्वायु॒ः सद्मे॑व॒ धीरा॑ः स॒म्माय॑ चक्रुः ॥					1	-1	[[-1]]
1	68	01 श्री॒णन्नुप॑ स्था॒द्दिवं॑ भुर॒ण्युः स्था॒तुश्च॒रथ॑म॒क्तून्व्यू॑र्णोत् ॥					1	-1	[[-1]]
1	68	02 परि॒ यदे॑षा॒मेको॒ विश्वे॑षां॒ भुव॑द्दे॒वो दे॒वानां॑ महि॒त्वा ॥					1	-1	[[-1]]
1	68	03 आदित्ते॒ विश्वे॒ क्रतुं॑ जुषन्त॒ शुष्का॒द्यद्दे॑व जी॒वो जनि॑ष्ठाः ॥					1	-1	[[-1]]
1	68	04 भज॑न्त॒ विश्वे॑ देव॒त्वं नाम॑ ऋ॒तं सप॑न्तो अ॒मृत॒मेवै॑ः ॥					1	-1	[[-1]]
1	68	05 ऋ॒तस्य॒ प्रेषा॑ ऋ॒तस्य॑ धी॒तिर्वि॒श्वायु॒र्विश्वे॒ अपां॑सि चक्रुः ॥					1	-1	[[-1]]
1	68	06 यस्तुभ्यं॒ दाशा॒द्यो वा॑ ते॒ शिक्षा॒त्तस्मै॑ चिकि॒त्वान्र॒यिं द॑यस्व ॥					1	-1	[[-1]]
1	68	07 होता॒ निष॑त्तो॒ मनो॒रप॑त्ये॒ स चि॒न्न्वा॑सां॒ पती॑ रयी॒णाम् ॥					1	-1	[[-1]]
1	68	08 इ॒च्छन्त॒ रेतो॑ मि॒थस्त॒नूषु॒ सं जा॑नत॒ स्वैर्दक्षै॒रमू॑राः ॥					1	-1	[[-1]]
1	68	09 पि॒तुर्न पु॒त्राः क्रतुं॑ जुषन्त॒ श्रोष॒न्ये अ॑स्य॒ शासं॑ तु॒रास॑ः ॥					1	-1	[[-1]]
1	68	10 वि राय॑ और्णो॒द्दुर॑ः पुरु॒क्षुः पि॒पेश॒ नाकं॒ स्तृभि॒र्दमू॑नाः ॥					1	-1	[[-1]]
1	69	01 शु॒क्रः शु॑शु॒क्वाँ उ॒षो न जा॒रः प॒प्रा स॑मी॒ची दि॒वो न ज्योति॑ः ॥					1	-1	[[-1]]
1	69	02 परि॒ प्रजा॑त॒ः क्रत्वा॑ बभूथ॒ भुवो॑ दे॒वानां॑ पि॒ता पु॒त्रः सन् ॥					1	-1	[[-1]]
1	69	03 वे॒धा अदृ॑प्तो अ॒ग्निर्वि॑जा॒नन्नूध॒र्न गोनां॒ स्वाद्मा॑ पितू॒नाम् ॥					1	-1	[[-1]]
1	69	04 जने॒ न शेव॑ आ॒हूर्य॒ः सन्मध्ये॒ निष॑त्तो र॒ण्वो दु॑रो॒णे ॥					1	-1	[[-1]]
1	69	05 पु॒त्रो न जा॒तो र॒ण्वो दु॑रो॒णे वा॒जी न प्री॒तो विशो॒ वि ता॑रीत् ॥					1	-1	[[-1]]
1	69	06 विशो॒ यदह्वे॒ नृभि॒ः सनी॑ळा अ॒ग्निर्दे॑व॒त्वा विश्वा॑न्यश्याः ॥					1	-1	[[-1]]
1	69	07 नकि॑ष्ट ए॒ता व्र॒ता मि॑नन्ति॒ नृभ्यो॒ यदे॒भ्यः श्रु॒ष्टिं च॒कर्थ॑ ॥					1	-1	[[-1]]
1	69	08 तत्तु ते॒ दंसो॒ यदह॑न्समा॒नैर्नृभि॒र्यद्यु॒क्तो वि॒वे रपां॑सि ॥					1	-1	[[-1]]
1	69	09 उ॒षो न जा॒रो वि॒भावो॒स्रः संज्ञा॑तरूप॒श्चिके॑तदस्मै ॥					1	-1	[[-1]]
1	69	10 त्मना॒ वह॑न्तो॒ दुरो॒ व्यृ॑ण्व॒न्नव॑न्त॒ विश्वे॒ स्व१॒॑र्दृशी॑के ॥					1	-1	[[-1]]
1	70	01 व॒नेम॑ पू॒र्वीर॒र्यो म॑नी॒षा अ॒ग्निः सु॒शोको॒ विश्वा॑न्यश्याः ॥					1	-1	[[-1]]
1	70	02 आ दैव्या॑नि व्र॒ता चि॑कि॒त्वाना मानु॑षस्य॒ जन॑स्य॒ जन्म॑ ॥					1	-1	[[-1]]
1	70	03 गर्भो॒ यो अ॒पां गर्भो॒ वना॑नां॒ गर्भ॑श्च स्था॒तां गर्भ॑श्च॒रथा॑म् ॥					1	-1	[[-1]]
1	70	04 अद्रौ॑ चिदस्मा अ॒न्तर्दु॑रो॒णे वि॒शां न विश्वो॑ अ॒मृत॑ः स्वा॒धीः ॥					1	-1	[[-1]]
1	70	05 स हि क्ष॒पावाँ॑ अ॒ग्नी र॑यी॒णां दाश॒द्यो अ॑स्मा॒ अरं॑ सू॒क्तैः ॥					1	-1	[[-1]]
1	70	06 ए॒ता चि॑कित्वो॒ भूमा॒ नि पा॑हि दे॒वानां॒ जन्म॒ मर्ताँ॑श्च वि॒द्वान् ॥					1	-1	[[-1]]
1	70	07 वर्धा॒न्यं पू॒र्वीः क्ष॒पो विरू॑पाः स्था॒तुश्च॒ रथ॑मृ॒तप्र॑वीतम् ॥					1	-1	[[-1]]
1	70	08 अरा॑धि॒ होता॒ स्व१॒॑र्निष॑त्तः कृ॒ण्वन्विश्वा॒न्यपां॑सि स॒त्या ॥					1	-1	[[-1]]
1	70	09 गोषु॒ प्रश॑स्तिं॒ वने॑षु धिषे॒ भर॑न्त॒ विश्वे॑ ब॒लिं स्व॑र्णः ॥					1	-1	[[-1]]
1	70	10 वि त्वा॒ नर॑ः पुरु॒त्रा स॑पर्यन्पि॒तुर्न जिव्रे॒र्वि वेदो॑ भरन्त ॥					1	-1	[[-1]]
1	70	11 सा॒धुर्न गृ॒ध्नुरस्ते॑व॒ शूरो॒ याते॑व भी॒मस्त्वे॒षः स॒मत्सु॑ ॥					1	-1	[[-1]]
1	71	5				म॒हे यत्पि॒त्र ईं॒ रसं॑ दि॒वे करव॑ त्सरत्पृश॒न्य॑श्चिकि॒त्वान् । सृ॒जदस्ता॑ धृष॒ता दि॒द्युम॑स्मै॒ स्वायां॑ दे॒वो दु॑हि॒तरि॒ त्विषिं॑ धात् ॥	1	-1	[[-1]]
1	72	3				ति॒स्रो यद॑ग्ने श॒रद॒स्त्वामिच्छुचिं॑ घृ॒तेन॒ शुच॑यः सप॒र्यान् । नामा॑नि चिद्दधिरे य॒ज्ञिया॒न्यसू॑दयन्त त॒न्व१॒॑ः सुजा॑ताः ॥	1	-1	[[-1]]
1	72	6				त्रिः स॒प्त यद्गुह्या॑नि॒ त्वे इत्प॒दावि॑द॒न्निहि॑ता य॒ज्ञिया॑सः । तेभी॑ रक्षन्ते अ॒मृतं॑ स॒जोषा॑ः प॒शूञ्च॑ स्था॒तॄञ्च॒रथं॑ च पाहि ॥	1	-1	[[-1]]
1	73	9				अर्व॑द्भिरग्ने॒ अर्व॑तो॒ नृभि॒र्नॄन्वी॒रैर्वी॒रान्व॑नुयामा॒ त्वोता॑ः । ई॒शा॒नास॑ः पितृवि॒त्तस्य॑ रा॒यो वि सू॒रय॑ः श॒तहि॑मा नो अश्युः ॥	1	-1	[[-1]]
1	81	3				यदु॒दीर॑त आ॒जयो॑ धृ॒ष्णवे॑ धीयते॒ धना॑ । यु॒क्ष्वा म॑द॒च्युता॒ हरी॒ कं हन॒ः कं वसौ॑ दधो॒ऽस्माँ इ॑न्द्र॒ वसौ॑ दधः ॥	1	-1	[[-1]]
1	91	22				त्वमि॒मा ओष॑धीः सोम॒ विश्वा॒स्त्वम॒पो अ॑जनय॒स्त्वं गाः । त्वमा त॑तन्थो॒र्व१॒॑न्तरि॑क्षं॒ त्वं ज्योति॑षा॒ वि तमो॑ ववर्थ ॥	1	-1	[[-1]]
1	95	4				क इ॒मं वो॑ नि॒ण्यमा चि॑केत व॒त्सो मा॒तॄर्ज॑नयत स्व॒धाभि॑ः । ब॒ह्वी॒नां गर्भो॑ अ॒पसा॑मु॒पस्था॑न्म॒हान्क॒विर्निश्च॑रति स्व॒धावा॑न् ॥	1	-1	[[-1]]
1	103	1				तत्त॑ इन्द्रि॒यं प॑र॒मं प॑रा॒चैरधा॑रयन्त क॒वय॑ः पु॒रेदम् । क्ष॒मेदम॒न्यद्दि॒व्य१॒॑न्यद॑स्य॒ समी॑ पृच्यते सम॒नेव॑ के॒तुः ॥	1	-1	[[-1]]
1	104	6				स त्वं न॑ इन्द्र॒ सूर्ये॒ सो अ॒प्स्व॑नागा॒स्त्व आ भ॑ज जीवशं॒से । मान्त॑रां॒ भुज॒मा री॑रिषो न॒ः श्रद्धि॑तं ते मह॒त इ॑न्द्रि॒याय॑ ॥	1	-1	[[-1]]
1	104	8				मा नो॑ वधीरिन्द्र॒ मा परा॑ दा॒ मा न॑ः प्रि॒या भोज॑नानि॒ प्र मो॑षीः । आ॒ण्डा मा नो॑ मघवञ्छक्र॒ निर्भे॒न्मा न॒ः पात्रा॑ भेत्स॒हजा॑नुषाणि ॥	1	-1	[[-1]]
1	105	1				च॒न्द्रमा॑ अ॒प्स्व१॒॑न्तरा सु॑प॒र्णो धा॑वते दि॒वि । न वो॑ हिरण्यनेमयः प॒दं वि॑न्दन्ति विद्युतो वि॒त्तं मे॑ अ॒स्य रो॑दसी ॥	1	-1	[[-1]]
1	108	1				य इ॑न्द्राग्नी चि॒त्रत॑मो॒ रथो॑ वाम॒भि विश्वा॑नि॒ भुव॑नानि॒ चष्टे॑ । तेना या॑तं स॒रथं॑ तस्थि॒वांसाथा॒ सोम॑स्य पिबतं सु॒तस्य॑ ॥	1	-1	[[-1]]
1	108	3				च॒क्राथे॒ हि स॒ध्र्य१॒॑ङ्नाम॑ भ॒द्रं स॑ध्रीची॒ना वृ॑त्रहणा उ॒त स्थ॑ः । तावि॑न्द्राग्नी स॒ध्र्य॑ञ्चा नि॒षद्या॒ वृष्ण॒ः सोम॑स्य वृष॒णा वृ॑षेथाम् ॥	1	-1	[[-1]]
1	109	3				मा च्छे॑द्म र॒श्मीँरिति॒ नाध॑मानाः पितॄ॒णां श॒क्तीर॑नु॒यच्छ॑मानाः । इ॒न्द्रा॒ग्निभ्यां॒ कं वृष॑णो मदन्ति॒ ता ह्यद्री॑ धि॒षणा॑या उ॒पस्थे॑ ॥	1	-1	[[-1]]
1	109	7				आ भ॑रतं॒ शिक्ष॑तं वज्रबाहू अ॒स्माँ इ॑न्द्राग्नी अवतं॒ शची॑भिः । इ॒मे नु ते र॒श्मय॒ः सूर्य॑स्य॒ येभि॑ः सपि॒त्वं पि॒तरो॑ न॒ आस॑न् ॥	1	-1	[[-1]]
1	109	8				पुरं॑दरा॒ शिक्ष॑तं वज्रहस्ता॒स्माँ इ॑न्द्राग्नी अवतं॒ भरे॑षु । तन्नो॑ मि॒त्रो वरु॑णो मामहन्ता॒मदि॑ति॒ः सिन्धु॑ः पृथि॒वी उ॒त द्यौः ॥	1	-1	[[-1]]
1	110	9				वाजे॑भिर्नो॒ वाज॑सातावविड्ढ्यृभु॒माँ इ॑न्द्र चि॒त्रमा द॑र्षि॒ राध॑ः । तन्नो॑ मि॒त्रो वरु॑णो मामहन्ता॒मदि॑ति॒ः सिन्धु॑ः पृथि॒वी उ॒त द्यौः ॥	1	-1	[[-1]]
1	112	20				याभि॒ः शंता॑ती॒ भव॑थो ददा॒शुषे॑ भु॒ज्युं याभि॒रव॑थो॒ याभि॒रध्रि॑गुम् । ओ॒म्याव॑तीं सु॒भरा॑मृत॒स्तुभं॒ ताभि॑रू॒ षु ऊ॒तिभि॑रश्वि॒ना ग॑तम् ॥	1	-1	[[-1]]
1	113	14				व्य१॒॑ञ्जिभि॑र्दि॒व आता॑स्वद्यौ॒दप॑ कृ॒ष्णां नि॒र्णिजं॑ दे॒व्या॑वः । प्र॒बो॒धय॑न्त्यरु॒णेभि॒रश्वै॒रोषा या॑ति सु॒युजा॒ रथे॑न ॥	1	-1	[[-1]]
1	116	24				दश॒ रात्री॒रशि॑वेना॒ नव॒ द्यूनव॑नद्धं श्नथि॒तम॒प्स्व१॒॑न्तः । विप्रु॑तं रे॒भमु॒दनि॒ प्रवृ॑क्त॒मुन्नि॑न्यथु॒ः सोम॑मिव स्रु॒वेण॑ ॥	1	-1	[[-1]]
1	121	1				कदि॒त्था नॄँः पात्रं॑ देवय॒तां श्रव॒द्गिरो॒ अङ्गि॑रसां तुर॒ण्यन् । प्र यदान॒ड्विश॒ आ ह॒र्म्यस्यो॒रु क्रं॑सते अध्व॒रे यज॑त्रः ॥	1	-1	[[-1]]
1	121	12				त्वमि॑न्द्र॒ नर्यो॒ याँ अवो॒ नॄन्तिष्ठा॒ वात॑स्य सु॒युजो॒ वहि॑ष्ठान् । यं ते॑ का॒व्य उ॒शना॑ म॒न्दिनं॒ दाद्वृ॑त्र॒हणं॒ पार्यं॑ ततक्ष॒ वज्र॑म् ॥	1	-1	[[-1]]
1	121	13				त्वं सूरो॑ ह॒रितो॑ रामयो॒ नॄन्भर॑च्च॒क्रमेत॑शो॒ नायमि॑न्द्र । प्रास्य॑ पा॒रं न॑व॒तिं ना॒व्या॑ना॒मपि॑ क॒र्तम॑वर्त॒योऽय॑ज्यून् ॥	1	-1	[[-1]]
1	121	14				त्वं नो॑ अ॒स्या इ॑न्द्र दु॒र्हणा॑याः पा॒हि व॑ज्रिवो दुरि॒ताद॒भीके॑ । प्र नो॒ वाजा॑न्र॒थ्यो॒३॒॑ अश्व॑बुध्यानि॒षे य॑न्धि॒ श्रव॑से सू॒नृता॑यै ॥	1	-1	[[-1]]
1	122	13				मन्दा॑महे॒ दश॑तयस्य धा॒सेर्द्विर्यत्पञ्च॒ बिभ्र॑तो॒ यन्त्यन्ना॑ । किमि॒ष्टाश्व॑ इ॒ष्टर॑श्मिरे॒त ई॑शा॒नास॒स्तरु॑ष ऋञ्जते॒ नॄन् ॥	1	-1	[[-1]]
1	123	7				अपा॒न्यदेत्य॒भ्य१॒॑न्यदे॑ति॒ विषु॑रूपे॒ अह॑नी॒ सं च॑रेते । प॒रि॒क्षितो॒स्तमो॑ अ॒न्या गुहा॑क॒रद्यौ॑दु॒षाः शोशु॑चता॒ रथे॑न ॥	1	-1	[[-1]]
1	124	9				आ॒सां पूर्वा॑सा॒मह॑सु॒ स्वसॄ॑णा॒मप॑रा॒ पूर्वा॑म॒भ्ये॑ति प॒श्चात् । ताः प्र॑त्न॒वन्नव्य॑सीर्नू॒नम॒स्मे रे॒वदु॑च्छन्तु सु॒दिना॑ उ॒षास॑ः ॥	1	-1	[[-1]]
1	129	2				स श्रु॑धि॒ यः स्मा॒ पृत॑नासु॒ कासु॑ चिद्द॒क्षाय्य॑ इन्द्र॒ भर॑हूतये॒ नृभि॒रसि॒ प्रतू॑र्तये॒ नृभि॑ः ।  यः शूरै॒ः स्व१॒॑ः सनि॑ता॒ यो विप्रै॒र्वाजं॒ तरु॑ता । तमी॑शा॒नास॑ इरधन्त वा॒जिनं॑ पृ॒क्षमत्यं॒ न वा॒जिन॑म् ॥	1	-1	[[-1]]
1	130	4				दा॒दृ॒हा॒णो वज्र॒मिन्द्रो॒ गभ॑स्त्यो॒ः क्षद्मे॑व ति॒ग्ममस॑नाय॒ सं श्य॑दहि॒हत्या॑य॒ सं श्य॑त् । सं॒वि॒व्या॒न ओज॑सा॒ शवो॑भिरिन्द्र म॒ज्मना॑ । तष्टे॑व वृ॒क्षं व॒निनो॒ नि वृ॑श्चसि पर॒श्वेव॒ नि वृ॑श्चसि ॥	1	-1	[[-1]]
1	130	10				स नो॒ नव्ये॑भिर्वृषकर्मन्नु॒क्थैः पुरां॑ दर्तः पा॒युभि॑ः पाहि श॒ग्मैः । 1	1	-1	[[-1]]
1	133	6				अ॒वर्म॒ह इ॑न्द्र दादृ॒हि श्रु॒धी न॑ः शु॒शोच॒ हि द्यौः क्षा न भी॒षाँ अ॑द्रिवो घृ॒णान्न भी॒षाँ अ॑द्रिवः । शु॒ष्मिन्त॑मो॒ हि शु॒ष्मिभि॑र्व॒धैरु॒ग्रेभि॒रीय॑से । अपू॑रुषघ्नो अप्रतीत शूर॒ सत्व॑भिस्त्रिस॒प्तैः शू॑र॒ सत्व॑भिः ॥	1	-1	[[-1]]
1	134	2				मन्द॑न्तु त्वा म॒न्दिनो॑ वाय॒विन्द॑वो॒ऽस्मत्क्रा॒णास॒ः सुकृ॑ता अ॒भिद्य॑वो॒ गोभि॑ः क्रा॒णा अ॒भिद्य॑वः । यद्ध॑ क्रा॒णा इ॒रध्यै॒ दक्षं॒ सच॑न्त ऊ॒तय॑ः । स॒ध्री॒ची॒ना नि॒युतो॑ दा॒वने॒ धिय॒ उप॑ ब्रुवत ईं॒ धिय॑ः ॥	1	-1	[[-1]]
1	136	1				प्र सु ज्येष्ठं॑ निचि॒राभ्यां॑ बृ॒हन्नमो॑ ह॒व्यं म॒तिं भ॑रता मृळ॒यद्भ्यां॒ स्वादि॑ष्ठं मृळ॒यद्भ्या॑म् । ता स॒म्राजा॑ घृ॒तासु॑ती य॒ज्ञेय॑ज्ञ॒ उप॑स्तुता । अथै॑नोः क्ष॒त्रं न कुत॑श्च॒नाधृषे॑ देव॒त्वं नू चि॑दा॒धृषे॑ ॥	1	-1	[[-1]]
1	140	2				अ॒भि द्वि॒जन्मा॑ त्रि॒वृदन्न॑मृज्यते संवत्स॒रे वा॑वृधे ज॒ग्धमी॒ पुन॑ः । अ॒न्यस्या॒सा जि॒ह्वया॒ जेन्यो॒ वृषा॒ न्य१॒॑न्येन॑ व॒निनो॑ मृष्ट वार॒णः ॥	1	-1	[[-1]]
1	141	5				आदिन्मा॒तॄरावि॑श॒द्यास्वा शुचि॒रहिं॑स्यमान उर्वि॒या वि वा॑वृधे । अनु॒ यत्पूर्वा॒ अरु॑हत्सना॒जुवो॒ नि नव्य॑सी॒ष्वव॑रासु धावते ॥	1	-1	[[-1]]
1	143	7				घृ॒तप्र॑तीकं व ऋ॒तस्य॑ धू॒र्षद॑म॒ग्निं मि॒त्रं न स॑मिधा॒न ऋ॑ञ्जते । इन्धा॑नो अ॒क्रो वि॒दथे॑षु॒ दीद्य॑च्छु॒क्रव॑र्णा॒मुदु॑ नो यंसते॒ धिय॑म् ॥	1	-1	[[-1]]
1	144	5				तमीं॑ हिन्वन्ति धी॒तयो॒ दश॒ व्रिशो॑ दे॒वं मर्ता॑स ऊ॒तये॑ हवामहे । धनो॒रधि॑ प्र॒वत॒ आ स ऋ॑ण्वत्यभि॒व्रज॑द्भिर्व॒युना॒ नवा॑धित ॥	1	-1	[[-1]]
1	145	5				स ईं॑ मृ॒गो अप्यो॑ वन॒र्गुरुप॑ त्व॒च्यु॑प॒मस्यां॒ नि धा॑यि । व्य॑ब्रवीद्व॒युना॒ मर्त्ये॑भ्यो॒ऽग्निर्वि॒द्वाँ ऋ॑त॒चिद्धि स॒त्यः ॥	1	-1	[[-1]]
1	146	4				धीरा॑सः प॒दं क॒वयो॑ नयन्ति॒ नाना॑ हृ॒दा रक्ष॑माणा अजु॒र्यम् । सिषा॑सन्त॒ः पर्य॑पश्यन्त॒ सिन्धु॑मा॒विरे॑भ्यो अभव॒त्सूर्यो॒ नॄन् ॥	1	-1	[[-1]]
1	148	5				न यं रि॒पवो॒ न रि॑ष॒ण्यवो॒ गर्भे॒ सन्तं॑ रेष॒णा रे॒षय॑न्ति । अ॒न्धा अ॑प॒श्या न द॑भन्नभि॒ख्या नित्या॑स ईं प्रे॒तारो॑ अरक्षन् ॥	1	-1	[[-1]]
1	155	3				ता ईं॑ वर्धन्ति॒ मह्य॑स्य॒ पौंस्यं॒ नि मा॒तरा॑ नयति॒ रेत॑से भु॒जे । दधा॑ति पु॒त्रोऽव॑रं॒ परं॑ पि॒तुर्नाम॑ तृ॒तीय॒मधि॑ रोच॒ने दि॒वः ॥	1	-1	[[-1]]
1	164	10				ति॒स्रो मा॒तॄस्त्रीन्पि॒तॄन्बिभ्र॒देक॑ ऊ॒र्ध्वस्त॑स्थौ॒ नेमव॑ ग्लापयन्ति । म॒न्त्रय॑न्ते दि॒वो अ॒मुष्य॑ पृ॒ष्ठे वि॑श्व॒विदं॒ वाच॒मवि॑श्वमिन्वाम् ॥	1	-1	[[-1]]
1	164	32				य ईं॑ च॒कार॒ न सो अ॒स्य वे॑द॒ य ईं॑ द॒दर्श॒ हिरु॒गिन्नु तस्मा॑त् । स मा॒तुर्योना॒ परि॑वीतो अ॒न्तर्ब॑हुप्र॒जा निरृ॑ति॒मा वि॑वेश ॥	1	-1	[[-1]]
1	164	38				अपा॒ङ्प्राङे॑ति स्व॒धया॑ गृभी॒तोऽम॑र्त्यो॒ मर्त्ये॑ना॒ सयो॑निः । ता शश्व॑न्ता विषू॒चीना॑ वि॒यन्ता॒ न्य१॒॑न्यं चि॒क्युर्न नि चि॑क्युर॒न्यम् ॥	1	-1	[[-1]]
1	165	5				अतो॑ व॒यम॑न्त॒मेभि॑र्युजा॒नाः स्वक्ष॑त्रेभिस्त॒न्व१॒॑ः शुम्भ॑मानाः । महो॑भि॒रेताँ॒ उप॑ युज्महे॒ न्विन्द्र॑ स्व॒धामनु॒ हि नो॑ ब॒भूथ॑ ॥	1	-1	[[-1]]
1	167	8				पान्ति॑ मि॒त्रावरु॑णावव॒द्याच्चय॑त ईमर्य॒मो अप्र॑शस्तान् । उ॒त च्य॑वन्ते॒ अच्यु॑ता ध्रु॒वाणि॑ वावृ॒ध ईं॑ मरुतो॒ दाति॑वारः ॥	1	-1	[[-1]]
1	169	6				प्रति॒ प्र या॑हीन्द्र मी॒ळ्हुषो॒ नॄन्म॒हः पार्थि॑वे॒ सद॑ने यतस्व । अध॒ यदे॑षां पृथुबु॒ध्नास॒ एता॑स्ती॒र्थे नार्यः पौंस्या॑नि त॒स्थुः ॥	1	-1	[[-1]]
1	171	6				त्वं पा॑हीन्द्र॒ सही॑यसो॒ नॄन्भवा॑ म॒रुद्भि॒रव॑यातहेळाः । सु॒प्र॒के॒तेभि॑ः सास॒हिर्दधा॑नो वि॒द्यामे॒षं वृ॒जनं॑ जी॒रदा॑नुम् ॥	1	-1	[[-1]]
1	174	1				त्वं राजे॑न्द्र॒ ये च॑ दे॒वा रक्षा॒ नॄन्पा॒ह्य॑सुर॒ त्वम॒स्मान् । त्वं सत्प॑तिर्म॒घवा॑ न॒स्तरु॑त्र॒स्त्वं स॒त्यो वस॑वानः सहो॒दाः ॥	1	-1	[[-1]]
1	174	4				शेष॒न्नु त इ॑न्द्र॒ सस्मि॒न्योनौ॒ प्रश॑स्तये॒ पवी॑रवस्य म॒ह्ना । सृ॒जदर्णां॒स्यव॒ यद्यु॒धा गास्तिष्ठ॒द्धरी॑ धृष॒ता मृ॑ष्ट॒ वाजा॑न् ॥	1	-1	[[-1]]
1	174	6				ज॒घ॒न्वाँ इ॑न्द्र मि॒त्रेरू॑ञ्चो॒दप्र॑वृद्धो हरिवो॒ अदा॑शून् । प्र ये पश्य॑न्नर्य॒मणं॒ सचा॒योस्त्वया॑ शू॒र्ता वह॑माना॒ अप॑त्यम् ॥	1	-1	[[-1]]
1	177	2				ये ते॒ वृष॑णो वृष॒भास॑ इन्द्र ब्रह्म॒युजो॒ वृष॑रथासो॒ अत्या॑ः । ताँ आ ति॑ष्ठ॒ तेभि॒रा या॑ह्य॒र्वाङ्हवा॑महे त्वा सु॒त इ॑न्द्र॒ सोमे॑ ॥	1	-1	[[-1]]
1	181	8				उ॒त स्या वां॒ रुश॑तो॒ वप्स॑सो॒ गीस्त्रि॑ब॒र्हिषि॒ सद॑सि पिन्वते॒ नॄन् । वृषा॑ वां मे॒घो वृ॑षणा पीपाय॒ गोर्न सेके॒ मनु॑षो दश॒स्यन् ॥	1	-1	[[-1]]
1	182	6				अव॑विद्धं तौ॒ग्र्यम॒प्स्व१॒॑न्तर॑नारम्भ॒णे तम॑सि॒ प्रवि॑द्धम् । चत॑स्रो॒ नावो॒ जठ॑लस्य॒ जुष्टा॒ उद॒श्विभ्या॑मिषि॒ताः पा॑रयन्ति ॥	1	-1	[[-1]]
1	185	7				उ॒र्वी पृ॒थ्वी ब॑हु॒ले दू॒रेअ॑न्ते॒ उप॑ ब्रुवे॒ नम॑सा य॒ज्ञे अ॒स्मिन् । द॒धाते॒ ये सु॒भगे॑ सु॒प्रतू॑र्ती॒ द्यावा॒ रक्ष॑तं पृथिवी नो॒ अभ्वा॑त् ॥	1	-1	[[-1]]
1	186	6				उ॒त न॑ ईं॒ त्वष्टा ग॒न्त्वच्छा॒ स्मत्सू॒रिभि॑रभिपि॒त्वे स॒जोषा॑ः । आ वृ॑त्र॒हेन्द्र॑श्चर्षणि॒प्रास्तु॒विष्ट॑मो न॒रां न॑ इ॒ह ग॑म्याः ॥	1	-1	[[-1]]
1	186	7				उ॒त न॑ ईं म॒तयोऽश्व॑योगा॒ः शिशुं॒ न गाव॒स्तरु॑णं रिहन्ति । तमीं॒ गिरो॒ जन॑यो॒ न पत्नी॑ः सुर॒भिष्ट॑मं न॒रां न॑सन्त ॥	1	-1	[[-1]]
1	186	8				उ॒त न॑ ईं म॒रुतो॑ वृ॒द्धसे॑ना॒ः स्मद्रोद॑सी॒ सम॑नसः सदन्तु । पृष॑दश्वासो॒ऽवन॑यो॒ न रथा॑ रि॒शाद॑सो मित्र॒युजो॒ न दे॒वाः ॥	1	-1	[[-1]]
2	10	1				जो॒हूत्रो॑ अ॒ग्निः प्र॑थ॒मः पि॒तेवे॒ळस्प॒दे मनु॑षा॒ यत्समि॑द्धः । श्रियं॒ वसा॑नो अ॒मृतो॒ विचे॑ता मर्मृ॒जेन्य॑ः श्रव॒स्य१॒॑ः स वा॒जी ॥	1	-1	[[-1]]
2	15	4				स प्र॑वो॒ळ्हॄन्प॑रि॒गत्या॑ द॒भीते॒र्विश्व॑मधा॒गायु॑धमि॒द्धे अ॒ग्नौ । सं गोभि॒रश्वै॑रसृज॒द्रथे॑भि॒ः सोम॑स्य॒ ता मद॒ इन्द्र॑श्चकार ॥	1	-1	[[-1]]
2	15	5				स ईं॑ म॒हीं धुनि॒मेतो॑ररम्णा॒त्सो अ॑स्ना॒तॄन॑पारयत्स्व॒स्ति । त उ॒त्स्नाय॑ र॒यिम॒भि प्र त॑स्थु॒ः सोम॑स्य॒ ता मद॒ इन्द्र॑श्चकार ॥	1	-1	[[-1]]
2	20	1				व॒यं ते॒ वय॑ इन्द्र वि॒द्धि षु ण॒ः प्र भ॑रामहे वाज॒युर्न रथ॑म् । वि॒प॒न्यवो॒ दीध्य॑तो मनी॒षा सु॒म्नमिय॑क्षन्त॒स्त्वाव॑तो॒ नॄन् ॥	1	-1	[[-1]]
2	22	1				त्रिक॑द्रुकेषु महि॒षो यवा॑शिरं तुवि॒शुष्म॑स्तृ॒पत्सोम॑मपिब॒द्विष्णु॑ना सु॒तं यथाव॑शत् । 2	1	-1	[[-1]]
2	22	2				अध॒ त्विषी॑माँ अ॒भ्योज॑सा॒ क्रिविं॑ यु॒धाभ॑व॒दा रोद॑सी अपृणदस्य म॒ज्मना॒ प्र वा॑वृधे । 2	1	-1	[[-1]]
2	22	3				सा॒कं जा॒तः क्रतु॑ना सा॒कमोज॑सा ववक्षिथ सा॒कं वृ॒द्धो वी॒र्यै॑ः सास॒हिर्मृधो॒ विच॑र्षणिः । 2	1	-1	[[-1]]
2	22	4				तव॒ त्यन्नर्यं॑ नृ॒तोऽप॑ इन्द्र प्रथ॒मं पू॒र्व्यं दि॒वि प्र॒वाच्यं॑ कृ॒तम् । यद्दे॒वस्य॒ शव॑सा॒ प्रारि॑णा॒ असुं॑ रि॒णन्न॒पः । 2	1	-1	[[-1]]
2	34	14				ताँ इ॑या॒नो महि॒ वरू॑थमू॒तय॒ उप॒ घेदे॒ना नम॑सा गृणीमसि । त्रि॒तो न यान्पञ्च॒ होतॄ॑न॒भिष्ट॑य आव॒वर्त॒दव॑राञ्च॒क्रियाव॑से ॥	1	-1	[[-1]]
2	35	7				स्व आ दमे॑ सु॒दुघा॒ यस्य॑ धे॒नुः स्व॒धां पी॑पाय सु॒भ्वन्न॑मत्ति । सो अ॒पां नपा॑दू॒र्जय॑न्न॒प्स्व१॒॑न्तर्व॑सु॒देया॑य विध॒ते वि भा॑ति ॥	1	-1	[[-1]]
2	35	13				स ईं॒ वृषा॑जनय॒त्तासु॒ गर्भं॒ स ईं॒ शिशु॑र्धयति॒ तं रि॑हन्ति । सो अ॒पां नपा॒दन॑भिम्लातवर्णो॒ऽन्यस्ये॑वे॒ह त॒न्वा॑ विवेष ॥	1	-1	[[-1]]
2	39	7				हस्ते॑व श॒क्तिम॒भि सं॑द॒दी न॒ः क्षामे॑व न॒ः सम॑जतं॒ रजां॑सि । इ॒मा गिरो॑ अश्विना युष्म॒यन्ती॒ः क्ष्णोत्रे॑णेव॒ स्वधि॑तिं॒ सं शि॑शीतम् ॥	1	-1	[[-1]]
2	40	4				दि॒व्य१॒॑न्यः सद॑नं च॒क्र उ॒च्चा पृ॑थि॒व्याम॒न्यो अध्य॒न्तरि॑क्षे । ताव॒स्मभ्यं॑ पुरु॒वारं॑ पुरु॒क्षुं रा॒यस्पोषं॒ वि ष्य॑तां॒ नाभि॑म॒स्मे ॥	1	-1	[[-1]]
3	1	3				मयो॑ दधे॒ मेधि॑रः पू॒तद॑क्षो दि॒वः सु॒बन्धु॑र्ज॒नुषा॑ पृथि॒व्याः । अवि॑न्दन्नु दर्श॒तम॒प्स्व१॒॑न्तर्दे॒वासो॑ अ॒ग्निम॒पसि॒ स्वसॄ॑णाम् ॥	1	-1	[[-1]]
3	1	11				उ॒रौ म॒हाँ अ॑निबा॒धे व॑व॒र्धापो॑ अ॒ग्निं य॒शस॒ः सं हि पू॒र्वीः । ऋ॒तस्य॒ योना॑वशय॒द्दमू॑ना जामी॒नाम॒ग्निर॒पसि॒ स्वसॄ॑णाम् ॥	1	-1	[[-1]]
3	5	2				प्रेद्व॒ग्निर्वा॑वृधे॒ स्तोमे॑भिर्गी॒र्भिः स्तो॑तॄ॒णां न॑म॒स्य॑ उ॒क्थैः । पू॒र्वीरृ॒तस्य॑ सं॒दृश॑श्चका॒नः सं दू॒तो अ॑द्यौदु॒षसो॑ विरो॒के ॥	1	-1	[[-1]]
3	9	2				काय॑मानो व॒ना त्वं यन्मा॒तॄरज॑गन्न॒पः । न तत्ते॑ अग्ने प्र॒मृषे॑ नि॒वर्त॑नं॒ यद्दू॒रे सन्नि॒हाभ॑वः ॥	1	-1	[[-1]]
3	14	4				मि॒त्रश्च॒ तुभ्यं॒ वरु॑णः सह॒स्वोऽग्ने॒ विश्वे॑ म॒रुत॑ः सु॒म्नम॑र्चन् । यच्छो॒चिषा॑ सहसस्पुत्र॒ तिष्ठा॑ अ॒भि क्षि॒तीः प्र॒थय॒न्सूर्यो॒ नॄन् ॥	1	-1	[[-1]]
3	30	10				अ॒ला॒तृ॒णो व॒ल इ॑न्द्र व्र॒जो गोः पु॒रा हन्तो॒र्भय॑मानो॒ व्या॑र । सु॒गान्प॒थो अ॑कृणोन्नि॒रजे॒ गाः प्राव॒न्वाणी॑ः पुरुहू॒तं धम॑न्तीः ॥	1	-1	[[-1]]
3	32	10				त्वं स॒द्यो अ॑पिबो जा॒त इ॑न्द्र॒ मदा॑य॒ सोमं॑ पर॒मे व्यो॑मन् । यद्ध॒ द्यावा॑पृथि॒वी आवि॑वेशी॒रथा॑भवः पू॒र्व्यः का॒रुधा॑याः ॥	1	-1	[[-1]]
3	35	7				स्ती॒र्णं ते॑ ब॒र्हिः सु॒त इ॑न्द्र॒ सोम॑ः कृ॒ता धा॒ना अत्त॑वे ते॒ हरि॑भ्याम् । तदो॑कसे पुरु॒शाका॑य॒ वृष्णे॑ म॒रुत्व॑ते॒ तुभ्यं॑ रा॒ता ह॒वींषि॑ ॥	1	-1	[[-1]]
3	36	3				पिबा॒ वर्ध॑स्व॒ तव॑ घा सु॒तास॒ इन्द्र॒ सोमा॑सः प्रथ॒मा उ॒तेमे । यथापि॑बः पू॒र्व्याँ इ॑न्द्र॒ सोमाँ॑ ए॒वा पा॑हि॒ पन्यो॑ अ॒द्या नवी॑यान् ॥	1	-1	[[-1]]
3	44	1				अ॒यं ते॑ अस्तु हर्य॒तः सोम॒ आ हरि॑भिः सु॒तः । जु॒षा॒ण इ॑न्द्र॒ हरि॑भिर्न॒ आ ग॒ह्या ति॑ष्ठ॒ हरि॑तं॒ रथ॑म् ॥	1	-1	[[-1]]
3	50	1				इन्द्र॒ः स्वाहा॑ पिबतु॒ यस्य॒ सोम॑ आ॒गत्या॒ तुम्रो॑ वृष॒भो म॒रुत्वा॑न् । ओरु॒व्यचा॑ः पृणतामे॒भिरन्नै॒रास्य॑ ह॒विस्त॒न्व१॒॑ः काम॑मृध्याः ॥	1	-1	[[-1]]
3	53	24				इ॒म इ॑न्द्र भर॒तस्य॑ पु॒त्रा अ॑पपि॒त्वं चि॑कितु॒र्न प्र॑पि॒त्वम् । हि॒न्वन्त्यश्व॒मर॑णं॒ न नित्यं॒ ज्या॑वाजं॒ परि॑ णयन्त्या॒जौ ॥	1	-1	[[-1]]
3	54	7				स॒मा॒न्या वियु॑ते दू॒रेअ॑न्ते ध्रु॒वे प॒दे त॑स्थतुर्जाग॒रूके॑ । उ॒त स्वसा॑रा युव॒ती भव॑न्ती॒ आदु॑ ब्रुवाते मिथु॒नानि॒ नाम॑ ॥	1	-1	[[-1]]
3	54	15				इन्द्रो॒ विश्वै॑र्वी॒र्यै॒३॒॑ः पत्य॑मान उ॒भे आ प॑प्रौ॒ रोद॑सी महि॒त्वा । पु॒रं॒द॒रो वृ॑त्र॒हा धृ॒ष्णुषे॑णः सं॒गृभ्या॑ न॒ आ भ॑रा॒ भूरि॑ प॒श्वः ॥	1	-1	[[-1]]
3	54	19				दे॒वानां॑ दू॒तः पु॑रु॒ध प्रसू॒तोऽना॑गान्नो वोचतु स॒र्वता॑ता । शृ॒णोतु॑ नः पृथि॒वी द्यौरु॒ताप॒ः सूर्यो॒ नक्ष॑त्रैरु॒र्व१॒॑न्तरि॑क्षम् ॥	1	-1	[[-1]]
3	61	4				अव॒ स्यूमे॑व चिन्व॒ती म॒घोन्यु॒षा या॑ति॒ स्वस॑रस्य॒ पत्नी॑ । स्व१॒॑र्जन॑न्ती सु॒भगा॑ सु॒दंसा॒ आन्ता॑द्दि॒वः प॑प्रथ॒ आ पृ॑थि॒व्याः ॥	1	-1	[[-1]]
4	1	11				स जा॑यत प्रथ॒मः प॒स्त्या॑सु म॒हो बु॒ध्ने रज॑सो अ॒स्य योनौ॑ । 4	1	-1	[[-1]]
4	2	6				यस्त॑ इ॒ध्मं ज॒भर॑त्सिष्विदा॒नो मू॒र्धानं॑ वा त॒तप॑ते त्वा॒या । भुव॒स्तस्य॒ स्वत॑वाँः पा॒युर॑ग्ने॒ विश्व॑स्मात्सीमघाय॒त उ॑रुष्य ॥	1	-1	[[-1]]
4	2	15				अधा॑ मा॒तुरु॒षस॑ः स॒प्त विप्रा॒ जाये॑महि प्रथ॒मा वे॒धसो॒ नॄन् । दि॒वस्पु॒त्रा अङ्गि॑रसो भवे॒माद्रिं॑ रुजेम ध॒निनं॑ शु॒चन्त॑ः ॥	1	-1	[[-1]]
4	8	5				ते स्या॑म॒ ये अ॒ग्नये॑ ददा॒शुर्ह॒व्यदा॑तिभिः । य ईं॒ पुष्य॑न्त इन्ध॒ते ॥	1	-1	[[-1]]
4	9	5				वेषि॒ ह्य॑ध्वरीय॒तामु॑पव॒क्ता जना॑नाम् । 4	1	-1	[[-1]]
4	9	6				वेषीद्व॑स्य दू॒त्यं१॒॑ यस्य॒ जुजो॑षो अध्व॒रम् । 4	1	-1	[[-1]]
4	13	4				वहि॑ष्ठेभिर्वि॒हर॑न्यासि॒ तन्तु॑मव॒व्यय॒न्नसि॑तं देव॒ वस्म॑ । दवि॑ध्वतो र॒श्मय॒ः सूर्य॑स्य॒ चर्मे॒वावा॑धु॒स्तमो॑ अ॒प्स्व१॒॑न्तः ॥	1	-1	[[-1]]
4	16	21				नू ष्टु॒त इ॑न्द्र॒ नू गृ॑णा॒न इषं॑ जरि॒त्रे न॒द्यो॒३॒॑ न पी॑पेः । अका॑रि ते हरिवो॒ ब्रह्म॒ नव्यं॑ धि॒या स्या॑म र॒थ्य॑ः सदा॒साः ॥	1	-1	[[-1]]
4	17	1				त्वं म॒हाँ इ॑न्द्र॒ तुभ्यं॑ ह॒ क्षा अनु॑ क्ष॒त्रं मं॒हना॑ मन्यत॒ द्यौः । त्वं वृ॒त्रं शव॑सा जघ॒न्वान्सृ॒जः सिन्धूँ॒रहि॑ना जग्रसा॒नान् ॥	1	-1	[[-1]]
4	17	2				तव॑ त्वि॒षो जनि॑मन्रेजत॒ द्यौ रेज॒द्भूमि॑र्भि॒यसा॒ स्वस्य॑ म॒न्योः । ऋ॒घा॒यन्त॑ सु॒भ्व१॒॑ः पर्व॑तास॒ आर्द॒न्धन्वा॑नि स॒रय॑न्त॒ आप॑ः ॥	1	-1	[[-1]]
4	17	4				सु॒वीर॑स्ते जनि॒ता म॑न्यत॒ द्यौरिन्द्र॑स्य क॒र्ता स्वप॑स्तमो भूत् । य ईं॑ ज॒जान॑ स्व॒र्यं॑ सु॒वज्र॒मन॑पच्युतं॒ सद॑सो॒ न भूम॑ ॥	1	-1	[[-1]]
4	17	14				अ॒यं च॒क्रमि॑षण॒त्सूर्य॑स्य॒ न्येत॑शं रीरमत्ससृमा॒णम् । 4	1	-1	[[-1]]
4	17	17				त्रा॒ता नो॑ बोधि॒ ददृ॑शान आ॒पिर॑भिख्या॒ता म॑र्डि॒ता सो॒म्याना॑म् । सखा॑ पि॒ता पि॒तृत॑मः पितॄ॒णां कर्ते॑मु लो॒कमु॑श॒ते व॑यो॒धाः ॥	1	-1	[[-1]]
4	17	18				स॒खी॒य॒ताम॑वि॒ता बो॑धि॒ सखा॑ गृणा॒न इ॑न्द्र स्तुव॒ते वयो॑ धाः । व॒यं ह्या ते॑ चकृ॒मा स॒बाध॑ आ॒भिः शमी॑भिर्म॒हय॑न्त इन्द्र ॥	1	-1	[[-1]]
4	17	21				नू ष्टु॒त इ॑न्द्र॒ नू गृ॑णा॒न इषं॑ जरि॒त्रे न॒द्यो॒३॒॑ न पी॑पेः । अका॑रि ते हरिवो॒ ब्रह्म॒ नव्यं॑ धि॒या स्या॑म र॒थ्य॑ः सदा॒साः ॥	1	-1	[[-1]]
4	18	13				अव॑र्त्या॒ शुन॑ आ॒न्त्राणि॑ पेचे॒ न दे॒वेषु॑ विविदे मर्डि॒तार॑म् । अप॑श्यं जा॒यामम॑हीयमाना॒मधा॑ मे श्ये॒नो मध्वा ज॑भार ॥	1	-1	[[-1]]
4	19	9				व॒म्रीभि॑ः पु॒त्रम॒ग्रुवो॑ अदा॒नं नि॒वेश॑नाद्धरिव॒ आ ज॑भर्थ । व्य१॒॑न्धो अ॑ख्य॒दहि॑माददा॒नो निर्भू॑दुख॒च्छित्सम॑रन्त॒ पर्व॑ ॥	1	-1	[[-1]]
4	19	11				नू ष्टु॒त इ॑न्द्र॒ नू गृ॑णा॒न इषं॑ जरि॒त्रे न॒द्यो॒३॒॑ न पी॑पेः । अका॑रि ते हरिवो॒ ब्रह्म॒ नव्यं॑ धि॒या स्या॑म र॒थ्य॑ः सदा॒साः ॥	1	-1	[[-1]]
4	20	4				उ॒शन्नु॒ षु ण॑ः सु॒मना॑ उपा॒के सोम॑स्य॒ नु सुषु॑तस्य स्वधावः । पा इ॑न्द्र॒ प्रति॑भृतस्य॒ मध्व॒ः समन्ध॑सा ममदः पृ॒ष्ठ्ये॑न ॥	1	-1	[[-1]]
4	20	11				नू ष्टु॒त इ॑न्द्र॒ नू गृ॑णा॒न इषं॑ जरि॒त्रे न॒द्यो॒३॒॑ न पी॑पेः । अका॑रि ते हरिवो॒ ब्रह्म॒ नव्यं॑ धि॒या स्या॑म र॒थ्य॑ः सदा॒साः ॥	1	-1	[[-1]]
4	21	2				तस्येदि॒ह स्त॑वथ॒ वृष्ण्या॑नि तुविद्यु॒म्नस्य॑ तुवि॒राध॑सो॒ नॄन् । यस्य॒ क्रतु॑र्विद॒थ्यो॒३॒॑ न स॒म्राट् सा॒ह्वान्तरु॑त्रो अ॒भ्यस्ति॑ कृ॒ष्टीः ॥	1	-1	[[-1]]
4	21	11				नू ष्टु॒त इ॑न्द्र॒ नू गृ॑णा॒न इषं॑ जरि॒त्रे न॒द्यो॒३॒॑ न पी॑पेः । अका॑रि ते हरिवो॒ ब्रह्म॒ नव्यं॑ धि॒या स्या॑म र॒थ्य॑ः सदा॒साः ॥	1	-1	[[-1]]
4	22	11				नू ष्टु॒त इ॑न्द्र॒ नू गृ॑णा॒न इषं॑ जरि॒त्रे न॒द्यो॒३॒॑ न पी॑पेः । अका॑रि ते हरिवो॒ ब्रह्म॒ नव्यं॑ धि॒या स्या॑म र॒थ्य॑ः सदा॒साः ॥	1	-1	[[-1]]
4	23	11				नू ष्टु॒त इ॑न्द्र॒ नू गृ॑णा॒न इषं॑ जरि॒त्रे न॒द्यो॒३॒॑ न पी॑पेः । अका॑रि ते हरिवो॒ ब्रह्म॒ नव्यं॑ धि॒या स्या॑म र॒थ्य॑ः सदा॒साः ॥	1	-1	[[-1]]
4	24	11				नू ष्टु॒त इ॑न्द्र॒ नू गृ॑णा॒न इषं॑ जरि॒त्रे न॒द्यो॒३॒॑ न पी॑पेः । अका॑रि ते हरिवो॒ ब्रह्म॒ नव्यं॑ धि॒या स्या॑म र॒थ्य॑ः सदा॒साः ॥	1	-1	[[-1]]
4	28	2				त्वा यु॒जा नि खि॑द॒त्सूर्य॒स्येन्द्र॑श्च॒क्रं सह॑सा स॒द्य इ॑न्दो । अधि॒ ष्णुना॑ बृह॒ता वर्त॑मानं म॒हो द्रु॒हो अप॑ वि॒श्वायु॑ धायि ॥	1	-1	[[-1]]
4	28	4				विश्व॑स्मात्सीमध॒माँ इ॑न्द्र॒ दस्यू॒न्विशो॒ दासी॑रकृणोरप्रश॒स्ताः । अबा॑धेथा॒ममृ॑णतं॒ नि शत्रू॒नवि॑न्देथा॒मप॑चितिं॒ वध॑त्रैः ॥	1	-1	[[-1]]
4	30	4				यत्रो॒त बा॑धि॒तेभ्य॑श्च॒क्रं कुत्सा॑य॒ युध्य॑ते । मु॒षा॒य इ॑न्द्र॒ सूर्य॑म् ॥	1	-1	[[-1]]
4	30	22				स घेदु॒तासि॑ वृत्रहन्समा॒न इ॑न्द्र॒ गोप॑तिः । यस्ता विश्वा॑नि चिच्यु॒षे ॥	1	-1	[[-1]]
4	30	23				उ॒त नू॒नं यदि॑न्द्रि॒यं क॑रि॒ष्या इ॑न्द्र॒ पौंस्य॑म् । अ॒द्या नकि॒ष्टदा मि॑नत् ॥	1	-1	[[-1]]
4	31	3				अ॒भी षु ण॒ः सखी॑नामवि॒ता ज॑रितॄ॒णाम् । श॒तं भ॑वास्यू॒तिभि॑ः ॥	1	-1	[[-1]]
4	35	7				प्रा॒तः सु॒तम॑पिबो हर्यश्व॒ माध्यं॑दिनं॒ सव॑नं॒ केव॑लं ते । समृ॒भुभि॑ः पिबस्व रत्न॒धेभि॒ः सखीँ॒र्याँ इ॑न्द्र चकृ॒षे सु॑कृ॒त्या ॥	1	-1	[[-1]]
4	36	2				रथं॒ ये च॒क्रुः सु॒वृतं॑ सु॒चेत॒सोऽवि॑ह्वरन्तं॒ मन॑स॒स्परि॒ ध्यया॑ । ताँ ऊ॒ न्व१॒॑स्य सव॑नस्य पी॒तय॒ आ वो॑ वाजा ऋभवो वेदयामसि ॥	1	-1	[[-1]]
4	49	4				अ॒स्मे इ॑न्द्राबृहस्पती र॒यिं ध॑त्तं शत॒ग्विन॑म् । अश्वा॑वन्तं सह॒स्रिण॑म् ॥	1	-1	[[-1]]
4	53	5				त्रिर॒न्तरि॑क्षं सवि॒ता म॑हित्व॒ना त्री रजां॑सि परि॒भुस्त्रीणि॑ रोच॒ना । ति॒स्रो दिव॑ः पृथि॒वीस्ति॒स्र इ॑न्वति त्रि॒भिर्व्र॒तैर॒भि नो॑ रक्षति॒ त्मना॑ ॥	1	-1	[[-1]]
4	58	8				अ॒भि प्र॑वन्त॒ सम॑नेव॒ योषा॑ः कल्या॒ण्य१॒॑ः स्मय॑मानासो अ॒ग्निम् । घृ॒तस्य॒ धारा॑ः स॒मिधो॑ नसन्त॒ ता जु॑षा॒णो ह॑र्यति जा॒तवे॑दाः ॥	1	-1	[[-1]]
4	58	11				धाम॑न्ते॒ विश्वं॒ भुव॑न॒मधि॑ श्रि॒तम॒न्तः स॑मु॒द्रे हृ॒द्य१॒॑न्तरायु॑षि । अ॒पामनी॑के समि॒थे य आभृ॑त॒स्तम॑श्याम॒ मधु॑मन्तं त ऊ॒र्मिम् ॥	1	-1	[[-1]]
5	1	11				आद्य रथं॑ भानुमो भानु॒मन्त॒मग्ने॒ तिष्ठ॑ यज॒तेभि॒ः सम॑न्तम् । वि॒द्वान्प॑थी॒नामु॒र्व१॒॑न्तरि॑क्ष॒मेह दे॒वान्ह॑वि॒रद्या॑य वक्षि ॥	1	-1	[[-1]]
5	2	5				के मे॑ मर्य॒कं वि य॑वन्त॒ गोभि॒र्न येषां॑ गो॒पा अर॑णश्चि॒दास॑ । य ईं॑ जगृ॒भुरव॒ ते सृ॑ज॒न्त्वाजा॑ति प॒श्व उप॑ नश्चिकि॒त्वान् ॥	1	-1	[[-1]]
5	5	8				इळा॒ सर॑स्वती म॒ही ति॒स्रो दे॒वीर्म॑यो॒भुव॑ः । 5	1	-1	[[-1]]
5	6	6				प्रो त्ये अ॒ग्नयो॒ऽग्निषु॒ विश्वं॑ पुष्यन्ति॒ वार्य॑म् । ते हि॑न्विरे॒ त इ॑न्विरे॒ त इ॑षण्यन्त्यानु॒षगिषं॑ स्तो॒तृभ्य॒ आ भ॑र ॥	1	-1	[[-1]]
5	7	10				इति॑ चिन्म॒न्युम॒ध्रिज॒स्त्वादा॑त॒मा प॒शुं द॑दे । आद॑ग्ने॒ अपृ॑ण॒तोऽत्रि॑ः सासह्या॒द्दस्यू॑नि॒षः सा॑सह्या॒न्नॄन् ॥	1	-1	[[-1]]
5	8	4				त्वाम॑ग्ने धर्ण॒सिं वि॒श्वधा॑ व॒यं गी॒र्भिर्गृ॒णन्तो॒ नम॒सोप॑ सेदिम । स नो॑ जुषस्व समिधा॒नो अ॑ङ्गिरो दे॒वो मर्त॑स्य य॒शसा॑ सुदी॒तिभि॑ः ॥	1	-1	[[-1]]
5	15	2				ऋ॒तेन॑ ऋ॒तं ध॒रुणं॑ धारयन्त य॒ज्ञस्य॑ शा॒के प॑र॒मे व्यो॑मन् । दि॒वो धर्म॑न्ध॒रुणे॑ से॒दुषो॒ नॄञ्जा॒तैरजा॑ताँ अ॒भि ये न॑न॒क्षुः ॥	1	-1	[[-1]]
5	18	4				चि॒त्रा वा॒ येषु॒ दीधि॑तिरा॒सन्नु॒क्था पान्ति॒ ये । 5	1	-1	[[-1]]
5	18	5				ये मे॑ पञ्चा॒शतं॑ द॒दुरश्वा॑नां स॒धस्तु॑ति । 5	1	-1	[[-1]]
5	19	3				आ श्वै॑त्रे॒यस्य॑ ज॒न्तवो॑ द्यु॒मद्व॑र्धन्त कृ॒ष्टय॑ः । 5	1	-1	[[-1]]
5	19	5				क्रीळ॑न्नो रश्म॒ आ भु॑व॒ः सं भस्म॑ना वा॒युना॒ वेवि॑दानः । 5	1	-1	[[-1]]
5	20	2				ये अ॑ग्ने॒ नेरय॑न्ति ते वृ॒द्धा उ॒ग्रस्य॒ शव॑सः । 5	1	-1	[[-1]]
5	20	3				होता॑रं त्वा वृणीम॒हेऽग्ने॒ दक्ष॑स्य॒ साध॑नम् । 5	1	-1	[[-1]]
5	20	4				इ॒त्था यथा॑ त ऊ॒तये॒ सह॑सावन्दि॒वेदि॑वे । 5	1	-1	[[-1]]
5	21	3				त्वां विश्वे॑ स॒जोष॑सो दे॒वासो॑ दू॒तम॑क्रत । 5	1	-1	[[-1]]
5	21	4				दे॒वं वो॑ देवय॒ज्यया॒ग्निमी॑ळीत॒ मर्त्य॑ः । 5	1	-1	[[-1]]
5	23	2				तम॑ग्ने पृतना॒षहं॑ र॒यिं स॑हस्व॒ आ भ॑र । 5	1	-1	[[-1]]
5	23	4				स हि ष्मा॑ वि॒श्वच॑र्षणिर॒भिमा॑ति॒ सहो॑ द॒धे । 5	1	-1	[[-1]]
5	26	4				अग्ने॒ विश्वे॑भि॒रा ग॑हि दे॒वेभि॑र्ह॒व्यदा॑तये । 5	1	-1	[[-1]]
5	27	4				यो म॒ इति॑ प्र॒वोच॒त्यश्व॑मेधाय सू॒रये॑ । 5	1	-1	[[-1]]
5	29	14				ए॒ता विश्वा॑ चकृ॒वाँ इ॑न्द्र॒ भूर्यप॑रीतो ज॒नुषा॑ वी॒र्ये॑ण । या चि॒न्नु व॑ज्रिन्कृ॒णवो॑ दधृ॒ष्वान्न ते॑ व॒र्ता तवि॑ष्या अस्ति॒ तस्या॑ः ॥	1	-1	[[-1]]
5	30	3				प्र नु व॒यं सु॒ते या ते॑ कृ॒तानीन्द्र॒ ब्रवा॑म॒ यानि॑ नो॒ जुजो॑षः । 5	1	-1	[[-1]]
5	30	4				स्थि॒रं मन॑श्चकृषे जा॒त इ॑न्द्र॒ वेषीदेको॑ यु॒धये॒ भूय॑सश्चित् । 5	1	-1	[[-1]]
5	31	8				त्वम॒पो यद॑वे तु॒र्वशा॒यार॑मयः सु॒दुघा॑ः पा॒र इ॑न्द्र । उ॒ग्रम॑यात॒मव॑हो ह॒ कुत्सं॒ सं ह॒ यद्वा॑मु॒शनार॑न्त दे॒वाः ॥	1	-1	[[-1]]
5	32	2				त्वमुत्साँ॑ ऋ॒तुभि॑र्बद्बधा॒नाँ अरं॑ह॒ ऊध॒ः पर्व॑तस्य वज्रिन् । अहिं॑ चिदुग्र॒ प्रयु॑तं॒ शया॑नं जघ॒न्वाँ इ॑न्द्र॒ तवि॑षीमधत्थाः ॥	1	-1	[[-1]]
5	33	1				महि॑ म॒हे त॒वसे॑ दीध्ये॒ नॄनिन्द्रा॑ये॒त्था त॒वसे॒ अत॑व्यान् । यो अ॑स्मै सुम॒तिं वाज॑सातौ स्तु॒तो जने॑ सम॒र्य॑श्चि॒केत॑ ॥	1	-1	[[-1]]
5	34	8				सं यज्जनौ॑ सु॒धनौ॑ वि॒श्वश॑र्धसा॒ववे॒दिन्द्रो॑ म॒घवा॒ गोषु॑ शु॒भ्रिषु॑ । युजं॒ ह्य१॒॑न्यमकृ॑त प्रवेप॒न्युदीं॒ गव्यं॑ सृजते॒ सत्व॑भि॒र्धुनि॑ः ॥	1	-1	[[-1]]
5	37	3				व॒धूरि॒यं पति॑मि॒च्छन्त्ये॑ति॒ य ईं॒ वहा॑ते॒ महि॑षीमिषि॒राम् । आस्य॑ श्रवस्या॒द्रथ॒ आ च॑ घोषात्पु॒रू स॒हस्रा॒ परि॑ वर्तयाते ॥	1	-1	[[-1]]
5	40	9				यं वै सूर्यं॒ स्व॑र्भानु॒स्तम॒सावि॑ध्यदासु॒रः । अत्र॑य॒स्तमन्व॑विन्दन्न॒ह्य१॒॑न्ये अश॑क्नुवन् ॥	1	-1	[[-1]]
5	41	8				अ॒भि वो॑ अर्चे पो॒ष्याव॑तो॒ नॄन्वास्तो॒ष्पतिं॒ त्वष्टा॑रं॒ ररा॑णः । धन्या॑ स॒जोषा॑ धि॒षणा॒ नमो॑भि॒र्वन॒स्पतीँ॒रोष॑धी रा॒य एषे॑ ॥	1	-1	[[-1]]
5	45	2				वि सूर्यो॑ अ॒मतिं॒ न श्रियं॑ सा॒दोर्वाद्गवां॑ मा॒ता जा॑न॒ती गा॑त् । धन्व॑र्णसो न॒द्य१॒॑ः खादो॑अर्णा॒ः स्थूणे॑व॒ सुमि॑ता दृंहत॒ द्यौः ॥	1	-1	[[-1]]
5	47	4				च॒त्वार॑ ईं बिभ्रति क्षेम॒यन्तो॒ दश॒ गर्भं॑ च॒रसे॑ धापयन्ते । त्रि॒धात॑वः पर॒मा अ॑स्य॒ गावो॑ दि॒वश्च॑रन्ति॒ परि॑ स॒द्यो अन्ता॑न् ॥	1	-1	[[-1]]
5	50	3				अतो॑ न॒ आ नॄनति॑थी॒नत॒ः पत्नी॑र्दशस्यत । आ॒रे विश्वं॑ पथे॒ष्ठां द्वि॒षो यु॑योतु॒ यूयु॑विः ॥	1	-1	[[-1]]
5	53	7				त॒तृ॒दा॒नाः सिन्ध॑व॒ः क्षोद॑सा॒ रज॒ः प्र स॑स्रुर्धे॒नवो॑ यथा । स्य॒न्ना अश्वा॑ इ॒वाध्व॑नो वि॒मोच॑ने॒ वि यद्वर्त॑न्त ए॒न्य॑ः ॥	1	-1	[[-1]]
5	53	8				आ या॑त मरुतो दि॒व आन्तरि॑क्षाद॒मादु॒त । माव॑ स्थात परा॒वत॑ः ॥	1	-1	[[-1]]
5	54	4				व्य१॒॑क्तून्रु॑द्रा॒ व्यहा॑नि शिक्वसो॒ व्य१॒॑न्तरि॑क्षं॒ वि रजां॑सि धूतयः । वि यदज्राँ॒ अज॑थ॒ नाव॑ ईं यथा॒ वि दु॒र्गाणि॑ मरुतो॒ नाह॑ रिष्यथ ॥	1	-1	[[-1]]
5	54	15				तद्वो॑ यामि॒ द्रवि॑णं सद्यऊतयो॒ येना॒ स्व१॒॑र्ण त॒तना॑म॒ नॄँर॒भि । इ॒दं सु मे॑ मरुतो हर्यता॒ वचो॒ यस्य॒ तरे॑म॒ तर॑सा श॒तं हिमा॑ः ॥	1	-1	[[-1]]
5	57	5				पु॒रु॒द्र॒प्सा अ॑ञ्जि॒मन्त॑ः सु॒दान॑वस्त्वे॒षसं॑दृशो अनव॒भ्ररा॑धसः । सु॒जा॒तासो॑ ज॒नुषा॑ रु॒क्मव॑क्षसो दि॒वो अ॒र्का अ॒मृतं॒ नाम॑ भेजिरे ॥	1	-1	[[-1]]
5	58	2				त्वे॒षं ग॒णं त॒वसं॒ खादि॑हस्तं॒ धुनि॑व्रतं मा॒यिनं॒ दाति॑वारम् । म॒यो॒भुवो॒ ये अमि॑ता महि॒त्वा वन्द॑स्व विप्र तुवि॒राध॑सो॒ नॄन् ॥	1	-1	[[-1]]
5	61	11				य ईं॒ वह॑न्त आ॒शुभि॒ः पिब॑न्तो मदि॒रं मधु॑ । अत्र॒ श्रवां॑सि दधिरे ॥	1	-1	[[-1]]
5	64	4				यु॒वाभ्यां॑ मित्रावरुणोप॒मं धे॑यामृ॒चा । यद्ध॒ क्षये॑ म॒घोनां॑ स्तोतॄ॒णां च॑ स्पू॒र्धसे॑ ॥	1	-1	[[-1]]
5	74	8				आ वां॒ रथो॒ रथा॑नां॒ येष्ठो॑ यात्वश्विना । पु॒रू चि॑दस्म॒युस्ति॒र आ॑ङ्गू॒षो मर्त्ये॒ष्वा ॥	1	-1	[[-1]]
5	80	6				ए॒षा प्र॑ती॒ची दु॑हि॒ता दि॒वो नॄन्योषे॑व भ॒द्रा नि रि॑णीते॒ अप्स॑ः । व्यू॒र्ण्व॒ती दा॒शुषे॒ वार्या॑णि॒ पुन॒र्ज्योति॑र्युव॒तिः पू॒र्वथा॑कः ॥	1	-1	[[-1]]
5	85	2				वने॑षु॒ व्य१॒॑न्तरि॑क्षं ततान॒ वाज॒मर्व॑त्सु॒ पय॑ उ॒स्रिया॑सु । हृ॒त्सु क्रतुं॒ वरु॑णो अ॒प्स्व१॒॑ग्निं दि॒वि सूर्य॑मदधा॒त्सोम॒मद्रौ॑ ॥	1	-1	[[-1]]
6	2	6				त्वे॒षस्ते॑ धू॒म ऋ॑ण्वति दि॒वि षञ्छु॒क्र आत॑तः । सूरो॒ न हि द्यु॒ता त्वं कृ॒पा पा॑वक॒ रोच॑से ॥	1	-1	[[-1]]
6	2	11				अच्छा॑ नो मित्रमहो देव दे॒वानग्ने॒ वोच॑ः सुम॒तिं रोद॑स्योः । वी॒हि स्व॒स्तिं सु॑क्षि॒तिं दि॒वो नॄन्द्वि॒षो अंहां॑सि दुरि॒ता त॑रेम॒ ता त॑रेम॒ तवाव॑सा तरेम ॥	1	-1	[[-1]]
6	3	6				स ईं॑ रे॒भो न प्रति॑ वस्त उ॒स्राः शो॒चिषा॑ रारपीति मि॒त्रम॑हाः । नक्तं॒ य ई॑मरु॒षो यो दिवा॒ नॄनम॑र्त्यो अरु॒षो यो दिवा॒ नॄन् ॥	1	-1	[[-1]]
6	8	2				स जाय॑मानः पर॒मे व्यो॑मनि व्र॒तान्य॒ग्निर्व्र॑त॒पा अ॑रक्षत । व्य१॒॑न्तरि॑क्षममिमीत सु॒क्रतु॑र्वैश्वान॒रो म॑हि॒ना नाक॑मस्पृशत् ॥	1	-1	[[-1]]
6	9	3				स इत्तन्तुं॒ स वि जा॑ना॒त्योतुं॒ स वक्त्वा॑न्यृतु॒था व॑दाति । य ईं॒ चिके॑तद॒मृत॑स्य गो॒पा अ॒वश्चर॑न्प॒रो अ॒न्येन॒ पश्य॑न् ॥	1	-1	[[-1]]
6	14	6				अच्छा॑ नो मित्रमहो देव दे॒वानग्ने॒ वोच॑ः सुम॒तिं रोद॑स्योः । वी॒हि स्व॒स्तिं सु॑क्षि॒तिं दि॒वो नॄन्द्वि॒षो अंहां॑सि दुरि॒ता त॑रेम॒ ता त॑रेम॒ तवाव॑सा तरेम ॥	1	-1	[[-1]]
6	17	1				पिबा॒ सोम॑म॒भि यमु॑ग्र॒ तर्द॑ ऊ॒र्वं गव्यं॒ महि॑ गृणा॒न इ॑न्द्र । वि यो धृ॑ष्णो॒ वधि॑षो वज्रहस्त॒ विश्वा॑ वृ॒त्रम॑मि॒त्रिया॒ शवो॑भिः ॥	1	-1	[[-1]]
6	17	2				स ईं॑ पाहि॒ य ऋ॑जी॒षी तरु॑त्रो॒ यः शिप्र॑वान्वृष॒भो यो म॑ती॒नाम् । यो गो॑त्र॒भिद्व॑ज्र॒भृद्यो ह॑रि॒ष्ठाः स इ॑न्द्र चि॒त्राँ अ॒भि तृ॑न्धि॒ वाजा॑न् ॥	1	-1	[[-1]]
6	17	3				ए॒वा पा॑हि प्र॒त्नथा॒ मन्द॑तु त्वा श्रु॒धि ब्रह्म॑ वावृ॒धस्वो॒त गी॒र्भिः । आ॒विः सूर्यं॑ कृणु॒हि पी॑पि॒हीषो॑ ज॒हि शत्रूँ॑र॒भि गा इ॑न्द्र तृन्धि ॥	1	-1	[[-1]]
6	17	5				येभि॒ः सूर्य॑मु॒षसं॑ मन्दसा॒नोऽवा॑स॒योऽप॑ दृ॒ळ्हानि॒ दर्द्र॑त् । म॒हामद्रिं॒ परि॒ गा इ॑न्द्र॒ सन्तं॑ नु॒त्था अच्यु॑तं॒ सद॑स॒स्परि॒ स्वात् ॥	1	-1	[[-1]]
6	17	8				अध॑ त्वा॒ विश्वे॑ पु॒र इ॑न्द्र दे॒वा एकं॑ त॒वसं॑ दधिरे॒ भरा॑य । अदे॑वो॒ यद॒भ्यौहि॑ष्ट दे॒वान्स्व॑र्षाता वृणत॒ इन्द्र॒मत्र॑ ॥	1	-1	[[-1]]
6	17	11				वर्धा॒न्यं विश्वे॑ म॒रुत॑ः स॒जोषा॒ः पच॑च्छ॒तं म॑हि॒षाँ इ॑न्द्र॒ तुभ्य॑म् । पू॒षा विष्णु॒स्त्रीणि॒ सरां॑सि धावन्वृत्र॒हणं॑ मदि॒रमं॒शुम॑स्मै ॥	1	-1	[[-1]]
6	19	3				पृ॒थू क॒रस्ना॑ बहु॒ला गभ॑स्ती अस्म॒द्र्य१॒॑क्सं मि॑मीहि॒ श्रवां॑सि । यू॒थेव॑ प॒श्वः प॑शु॒पा दमू॑ना अ॒स्माँ इ॑न्द्रा॒भ्या व॑वृत्स्वा॒जौ ॥	1	-1	[[-1]]
6	20	1				द्यौर्न य इ॑न्द्रा॒भि भूमा॒र्यस्त॒स्थौ र॒यिः शव॑सा पृ॒त्सु जना॑न् । तं न॑ः स॒हस्र॑भरमुर्वरा॒सां द॒द्धि सू॑नो सहसो वृत्र॒तुर॑म् ॥	1	-1	[[-1]]
6	20	9				स ईं॒ स्पृधो॑ वनते॒ अप्र॑तीतो॒ बिभ्र॒द्वज्रं॑ वृत्र॒हणं॒ गभ॑स्तौ । तिष्ठ॒द्धरी॒ अध्यस्ते॑व॒ गर्ते॑ वचो॒युजा॑ वहत॒ इन्द्र॑मृ॒ष्वम् ॥	1	-1	[[-1]]
6	20	11				त्वं वृ॒ध इ॑न्द्र पू॒र्व्यो भू॑र्वरिव॒स्यन्नु॒शने॑ का॒व्याय॑ । परा॒ नव॑वास्त्वमनु॒देयं॑ म॒हे पि॒त्रे द॑दाथ॒ स्वं नपा॑तम् ॥	1	-1	[[-1]]
6	21	4				यस्ता च॒कार॒ स कुह॑ स्वि॒दिन्द्र॒ः कमा जनं॑ चरति॒ कासु॑ वि॒क्षु । कस्ते॑ य॒ज्ञो मन॑से॒ शं वरा॑य॒ को अ॒र्क इ॑न्द्र कत॒मः स होता॑ ॥	1	-1	[[-1]]
6	21	8				स तु श्रु॑धीन्द्र॒ नूत॑नस्य ब्रह्मण्य॒तो वी॑र कारुधायः । त्वं ह्या॒३॒॑पिः प्र॒दिवि॑ पितॄ॒णां शश्व॑द्ब॒भूथ॑ सु॒हव॒ एष्टौ॑ ॥	1	-1	[[-1]]
6	25	8				अनु॑ ते दायि म॒ह इ॑न्द्रि॒याय॑ स॒त्रा ते॒ विश्व॒मनु॑ वृत्र॒हत्ये॑ । अनु॑ क्ष॒त्रमनु॒ सहो॑ यज॒त्रेन्द्र॑ दे॒वेभि॒रनु॑ ते नृ॒षह्ये॑ ॥	1	-1	[[-1]]
6	33	2				त्वां ही॒३॒॑न्द्राव॑से॒ विवा॑चो॒ हव॑न्ते चर्ष॒णय॒ः शूर॑सातौ । त्वं विप्रे॑भि॒र्वि प॒णीँर॑शाय॒स्त्वोत॒ इत्सनि॑ता॒ वाज॒मर्वा॑ ॥	1	-1	[[-1]]
6	33	3				त्वं ताँ इ॑न्द्रो॒भयाँ॑ अ॒मित्रा॒न्दासा॑ वृ॒त्राण्यार्या॑ च शूर । वधी॒र्वने॑व॒ सुधि॑तेभि॒रत्कै॒रा पृ॒त्सु द॑र्षि नृ॒णां नृ॑तम ॥	1	-1	[[-1]]
6	35	2				कर्हि॑ स्वि॒त्तदि॑न्द्र॒ यन्नृभि॒र्नॄन्वी॒रैर्वी॒रान्नी॒ळया॑से॒ जया॒जीन् । त्रि॒धातु॒ गा अधि॑ जयासि॒ गोष्विन्द्र॑ द्यु॒म्नं स्व॑र्वद्धेह्य॒स्मे ॥	1	-1	[[-1]]
6	39	5				नू गृ॑णा॒नो गृ॑ण॒ते प्र॑त्न राज॒न्निष॑ः पिन्व वसु॒देया॑य पू॒र्वीः । अ॒प ओष॑धीरवि॒षा वना॑नि॒ गा अर्व॑तो॒ नॄनृ॒चसे॑ रिरीहि ॥	1	-1	[[-1]]
6	40	2				अस्य॑ पिब॒ यस्य॑ जज्ञा॒न इ॑न्द्र॒ मदा॑य॒ क्रत्वे॒ अपि॑बो विरप्शिन् । तमु॑ ते॒ गावो॒ नर॒ आपो॒ अद्रि॒रिन्दुं॒ सम॑ह्यन्पी॒तये॒ सम॑स्मै ॥	1	-1	[[-1]]
6	40	3				समि॑द्धे अ॒ग्नौ सु॒त इ॑न्द्र॒ सोम॒ आ त्वा॑ वहन्तु॒ हर॑यो॒ वहि॑ष्ठाः । त्वा॒य॒ता मन॑सा जोहवी॒मीन्द्रा या॑हि सुवि॒ताय॑ म॒हे न॑ः ॥	1	-1	[[-1]]
6	44	1				यो र॑यिवो र॒यिंत॑मो॒ यो द्यु॒म्नैर्द्यु॒म्नव॑त्तमः । सोम॑ः सु॒तः स इ॑न्द्र॒ तेऽस्ति॑ स्वधापते॒ मद॑ः ॥	1	-1	[[-1]]
6	44	2				यः श॒ग्मस्तु॑विशग्म ते रा॒यो दा॒मा म॑ती॒नाम् । सोम॑ः सु॒तः स इ॑न्द्र॒ तेऽस्ति॑ स्वधापते॒ मद॑ः ॥	1	-1	[[-1]]
6	44	3				येन॑ वृ॒द्धो न शव॑सा तु॒रो न स्वाभि॑रू॒तिभि॑ः । सोम॑ः सु॒तः स इ॑न्द्र॒ तेऽस्ति॑ स्वधापते॒ मद॑ः ॥	1	-1	[[-1]]
6	45	13				अभू॑रु वीर गिर्वणो म॒हाँ इ॑न्द्र॒ धने॑ हि॒ते । भरे॑ वितन्त॒साय्य॑ः ॥	1	-1	[[-1]]
6	45	29				पु॒रू॒तमं॑ पुरू॒णां स्तो॑तॄ॒णां विवा॑चि । वाजे॑भिर्वाजय॒ताम् ॥	1	-1	[[-1]]
6	46	12				यत्र॒ शूरा॑सस्त॒न्वो॑ वितन्व॒ते प्रि॒या शर्म॑ पितॄ॒णाम् । अध॑ स्मा यच्छ त॒न्वे॒३॒॑ तने॑ च छ॒र्दिर॒चित्तं॑ या॒वय॒ द्वेष॑ः ॥	1	-1	[[-1]]
6	47	4				अ॒यं स यो व॑रि॒माणं॑ पृथि॒व्या व॒र्ष्माणं॑ दि॒वो अकृ॑णोद॒यं सः । अ॒यं पी॒यूषं॑ ति॒सृषु॑ प्र॒वत्सु॒ सोमो॑ दाधारो॒र्व१॒॑न्तरि॑क्षम् ॥	1	-1	[[-1]]
6	47	14				अव॒ त्वे इ॑न्द्र प्र॒वतो॒ नोर्मिर्गिरो॒ ब्रह्मा॑णि नि॒युतो॑ धवन्ते । उ॒रू न राध॒ः सव॑ना पु॒रूण्य॒पो गा व॑ज्रिन्युवसे॒ समिन्दू॑न् ॥	1	-1	[[-1]]
6	47	15				क ईं॑ स्तव॒त्कः पृ॑णा॒त्को य॑जाते॒ यदु॒ग्रमिन्म॒घवा॑ वि॒श्वहावे॑त् । पादा॑विव प्र॒हर॑न्न॒न्यम॑न्यं कृ॒णोति॒ पूर्व॒मप॑रं॒ शची॑भिः ॥	1	-1	[[-1]]
6	47	20				अ॒ग॒व्यू॒ति क्षेत्र॒माग॑न्म देवा उ॒र्वी स॒ती भूमि॑रंहूर॒णाभू॑त् । बृह॑स्पते॒ प्र चि॑कित्सा॒ गवि॑ष्टावि॒त्था स॒ते ज॑रि॒त्र इ॑न्द्र॒ पन्था॑म् ॥	1	-1	[[-1]]
6	48	13				भ॒रद्वा॑जा॒याव॑ धुक्षत द्वि॒ता । 6	1	-1	[[-1]]
6	48	18				दृते॑रिव तेऽवृ॒कम॑स्तु स॒ख्यम् । 6	1	-1	[[-1]]
6	50	1				हु॒वे वो॑ दे॒वीमदि॑तिं॒ नमो॑भिर्मृळी॒काय॒ वरु॑णं मि॒त्रम॒ग्निम् । अ॒भि॒क्ष॒दाम॑र्य॒मणं॑ सु॒शेवं॑ त्रा॒तॄन्दे॒वान्स॑वि॒तारं॒ भगं॑ च ॥	1	-1	[[-1]]
6	50	2				सु॒ज्योति॑षः सूर्य॒ दक्ष॑पितॄननागा॒स्त्वे सु॑महो वीहि दे॒वान् । द्वि॒जन्मा॑नो॒ य ऋ॑त॒साप॑ः स॒त्याः स्व॑र्वन्तो यज॒ता अ॑ग्निजि॒ह्वाः ॥	1	-1	[[-1]]
6	51	4				रि॒शाद॑स॒ः सत्प॑तीँ॒रद॑ब्धान्म॒हो राज्ञ॑ः सुवस॒नस्य॑ दा॒तॄन् । यून॑ः सुक्ष॒त्रान्क्षय॑तो दि॒वो नॄना॑दि॒त्यान्या॒म्यदि॑तिं दुवो॒यु ॥	1	-1	[[-1]]
6	51	9				ऋ॒तस्य॑ वो र॒थ्य॑ः पू॒तद॑क्षानृ॒तस्य॑ पस्त्य॒सदो॒ अद॑ब्धान् । ताँ आ नमो॑भिरुरु॒चक्ष॑सो॒ नॄन्विश्वा॑न्व॒ आ न॑मे म॒हो य॑जत्राः ॥	1	-1	[[-1]]
6	52	1				न तद्दि॒वा न पृ॑थि॒व्यानु॑ मन्ये॒ न य॒ज्ञेन॒ नोत शमी॑भिरा॒भिः । उ॒ब्जन्तु॒ तं सु॒भ्व१॒॑ः पर्व॑तासो॒ नि ही॑यतामतिया॒जस्य॑ य॒ष्टा ॥	1	-1	[[-1]]
6	56	3				उ॒तादः प॑रु॒षे गवि॒ सूर॑श्च॒क्रं हि॑र॒ण्यय॑म् । न्यै॑रयद्र॒थीत॑मः ॥	1	-1	[[-1]]
6	59	4				य इ॑न्द्राग्नी सु॒तेषु॑ वां॒ स्तव॒त्तेष्वृ॑तावृधा । जो॒ष॒वा॒कं वद॑तः पज्रहोषिणा॒ न दे॑वा भ॒सथ॑श्च॒न ॥	1	-1	[[-1]]
6	60	2				ता यो॑धिष्टम॒भि गा इ॑न्द्र नू॒नम॒पः स्व॑रु॒षसो॑ अग्न ऊ॒ळ्हाः । दिश॒ः स्व॑रु॒षस॑ इन्द्र चि॒त्रा अ॒पो गा अ॑ग्ने युवसे नि॒युत्वा॑न् ॥	1	-1	[[-1]]
6	61	9				सा नो॒ विश्वा॒ अति॒ द्विष॒ः स्वसॄ॑र॒न्या ऋ॒ताव॑री । अत॒न्नहे॑व॒ सूर्य॑ः ॥	1	-1	[[-1]]
6	62	9				य ईं॒ राजा॑नावृतु॒था वि॒दध॒द्रज॑सो मि॒त्रो वरु॑ण॒श्चिके॑तत् । ग॒म्भी॒राय॒ रक्ष॑से हे॒तिम॑स्य॒ द्रोघा॑य चि॒द्वच॑स॒ आन॑वाय ॥	1	-1	[[-1]]
6	63	3				अका॑रि वा॒मन्ध॑सो॒ वरी॑म॒न्नस्ता॑रि ब॒र्हिः सु॑प्राय॒णत॑मम् । उ॒त्ता॒नह॑स्तो युव॒युर्व॑व॒न्दा वां॒ नक्ष॑न्तो॒ अद्र॑य आञ्जन् ॥	1	-1	[[-1]]
6	65	1				ए॒षा स्या नो॑ दुहि॒ता दि॑वो॒जाः क्षि॒तीरु॒च्छन्ती॒ मानु॑षीरजीगः । या भा॒नुना॒ रुश॑ता रा॒म्यास्वज्ञा॑यि ति॒रस्तम॑सश्चिद॒क्तून् ॥	1	-1	[[-1]]
6	66	4				न य ईष॑न्ते ज॒नुषोऽया॒ न्व१॒॑न्तः सन्तो॑ऽव॒द्यानि॑ पुना॒नाः । निर्यद्दु॒ह्रे शुच॒योऽनु॒ जोष॒मनु॑ श्रि॒या त॒न्व॑मु॒क्षमा॑णाः ॥	1	-1	[[-1]]
6	67	5				विश्वे॒ यद्वां॑ मं॒हना॒ मन्द॑मानाः क्ष॒त्रं दे॒वासो॒ अद॑धुः स॒जोषा॑ः । परि॒ यद्भू॒थो रोद॑सी चिदु॒र्वी सन्ति॒ स्पशो॒ अद॑ब्धासो॒ अमू॑राः ॥	1	-1	[[-1]]
6	68	6				यं यु॒वं दा॒श्व॑ध्वराय देवा र॒यिं ध॒त्थो वसु॑मन्तं पुरु॒क्षुम् । अ॒स्मे स इ॑न्द्रावरुणा॒वपि॑ ष्या॒त्प्र यो भ॒नक्ति॑ व॒नुषा॒मश॑स्तीः ॥	1	-1	[[-1]]
7	1	18				इ॒मो अ॑ग्ने वी॒तत॑मानि ह॒व्याज॑स्रो वक्षि दे॒वता॑ति॒मच्छ॑ । प्रति॑ न ईं सुर॒भीणि॑ व्यन्तु ॥	1	-1	[[-1]]
7	3	8				या वा॑ ते॒ सन्ति॑ दा॒शुषे॒ अधृ॑ष्टा॒ गिरो॑ वा॒ याभि॑र्नृ॒वती॑रुरु॒ष्याः । ताभि॑र्नः सूनो सहसो॒ नि पा॑हि॒ स्मत्सू॒रीञ्ज॑रि॒तॄञ्जा॑तवेदः ॥	1	-1	[[-1]]
7	17	01 अग्ने॒ भव॑ सुष॒मिधा॒ समि॑द्ध उ॒त ब॒र्हिरु॑र्वि॒या वि स्तृ॑णीताम् ॥					1	-1	[[-1]]
7	17	02 उ॒त द्वार॑ उश॒तीर्वि श्र॑यन्तामु॒त दे॒वाँ उ॑श॒त आ व॑हे॒ह ॥					1	-1	[[-1]]
7	17	03 अग्ने॑ वी॒हि ह॒विषा॒ यक्षि॑ दे॒वान्स्व॑ध्व॒रा कृ॑णुहि जातवेदः ॥					1	-1	[[-1]]
7	17	04 स्व॒ध्व॒रा क॑रति जा॒तवे॑दा॒ यक्ष॑द्दे॒वाँ अ॒मृता॑न्पि॒प्रय॑च्च ॥					1	-1	[[-1]]
7	17	05 वंस्व॒ विश्वा॒ वार्या॑णि प्रचेतः स॒त्या भ॑वन्त्वा॒शिषो॑ नो अ॒द्य ॥					1	-1	[[-1]]
7	17	06 त्वामु॒ ते द॑धिरे हव्य॒वाहं॑ दे॒वासो॑ अग्न ऊ॒र्ज आ नपा॑तम् ॥					1	-1	[[-1]]
7	17	07 ते ते॑ दे॒वाय॒ दाश॑तः स्याम म॒हो नो॒ रत्ना॒ वि द॑ध इया॒नः ॥					1	-1	[[-1]]
7	18	7				आ प॒क्थासो॑ भला॒नसो॑ भन॒न्तालि॑नासो विषा॒णिन॑ः शि॒वास॑ः । आ योऽन॑यत्सध॒मा आर्य॑स्य ग॒व्या तृत्सु॑भ्यो अजगन्यु॒धा नॄन् ॥	1	-1	[[-1]]
7	19	11				नू इ॑न्द्र शूर॒ स्तव॑मान ऊ॒ती ब्रह्म॑जूतस्त॒न्वा॑ वावृधस्व । उप॑ नो॒ वाजा॑न्मिमी॒ह्युप॒ स्तीन्यू॒यं पा॑त स्व॒स्तिभि॒ः सदा॑ नः ॥	1	-1	[[-1]]
7	21	2				प्र य॑न्ति य॒ज्ञं वि॒पय॑न्ति ब॒र्हिः सो॑म॒मादो॑ वि॒दथे॑ दु॒ध्रवा॑चः । न्यु॑ भ्रियन्ते य॒शसो॑ गृ॒भादा दू॒रउ॑पब्दो॒ वृष॑णो नृ॒षाच॑ः ॥	1	-1	[[-1]]
7	25	1				आ ते॑ म॒ह इ॑न्द्रो॒त्यु॑ग्र॒ सम॑न्यवो॒ यत्स॒मर॑न्त॒ सेना॑ः । पता॑ति दि॒द्युन्नर्य॑स्य बा॒ह्वोर्मा ते॒ मनो॑ विष्व॒द्र्य१॒॑ग्वि चा॑रीत् ॥	1	-1	[[-1]]
7	25	2				नि दु॒र्ग इ॑न्द्र श्नथिह्य॒मित्राँ॑ अ॒भि ये नो॒ मर्ता॑सो अ॒मन्ति॑ । आ॒रे तं शंसं॑ कृणुहि निनि॒त्सोरा नो॑ भर स॒म्भर॑णं॒ वसू॑नाम् ॥	1	-1	[[-1]]
7	26	5				ए॒वा वसि॑ष्ठ॒ इन्द्र॑मू॒तये॒ नॄन्कृ॑ष्टी॒नां वृ॑ष॒भं सु॒ते गृ॑णाति । स॒ह॒स्रिण॒ उप॑ नो माहि॒ वाजा॑न्यू॒यं पा॑त स्व॒स्तिभि॒ः सदा॑ नः ॥	1	-1	[[-1]]
7	27	2				य इ॑न्द्र॒ शुष्मो॑ मघवन्ते॒ अस्ति॒ शिक्षा॒ सखि॑भ्यः पुरुहूत॒ नृभ्य॑ः । त्वं हि दृ॒ळ्हा म॑घव॒न्विचे॑ता॒ अपा॑ वृधि॒ परि॑वृतं॒ न राध॑ः ॥	1	-1	[[-1]]
7	27	5				नू इ॑न्द्र रा॒ये वरि॑वस्कृधी न॒ आ ते॒ मनो॑ ववृत्याम म॒घाय॑ । गोम॒दश्वा॑व॒द्रथ॑व॒द्व्यन्तो॑ यू॒यं पा॑त स्व॒स्तिभि॒ः सदा॑ नः ॥	1	-1	[[-1]]
7	28	3				तव॒ प्रणी॑तीन्द्र॒ जोहु॑वाना॒न्सं यन्नॄन्न रोद॑सी नि॒नेथ॑ । म॒हे क्ष॒त्राय॒ शव॑से॒ हि ज॒ज्ञेऽतू॑तुजिं चि॒त्तूतु॑जिरशिश्नत् ॥	1	-1	[[-1]]
7	30	1				आ नो॑ देव॒ शव॑सा याहि शुष्मि॒न्भवा॑ वृ॒ध इ॑न्द्र रा॒यो अ॒स्य । म॒हे नृ॒म्णाय॑ नृपते सुवज्र॒ महि॑ क्ष॒त्राय॒ पौंस्या॑य शूर ॥	1	-1	[[-1]]
7	30	3				अहा॒ यदि॑न्द्र सु॒दिना॑ व्यु॒च्छान्दधो॒ यत्के॒तुमु॑प॒मं स॒मत्सु॑ । न्य१॒॑ग्निः सी॑द॒दसु॑रो॒ न होता॑ हुवा॒नो अत्र॑ सु॒भगा॑य दे॒वान् ॥	1	-1	[[-1]]
7	32	17				त्वं विश्व॑स्य धन॒दा अ॑सि श्रु॒तो य ईं॒ भव॑न्त्या॒जय॑ः । तवा॒यं विश्व॑ः पुरुहूत॒ पार्थि॑वोऽव॒स्युर्नाम॑ भिक्षते ॥	1	-1	[[-1]]
7	33	1				श्वि॒त्यञ्चो॑ मा दक्षिण॒तस्क॑पर्दा धियंजि॒न्वासो॑ अ॒भि हि प्र॑म॒न्दुः । उ॒त्तिष्ठ॑न्वोचे॒ परि॑ ब॒र्हिषो॒ नॄन्न मे॑ दू॒रादवि॑तवे॒ वसि॑ष्ठाः ॥	1	-1	[[-1]]
7	33	4				जुष्टी॑ नरो॒ ब्रह्म॑णा वः पितॄ॒णामक्ष॑मव्ययं॒ न किला॑ रिषाथ । यच्छक्व॑रीषु बृह॒ता रवे॒णेन्द्रे॒ शुष्म॒मद॑धाता वसिष्ठाः ॥	1	-1	[[-1]]
7	34	01 प्र शु॒क्रैतु॑ दे॒वी म॑नी॒षा अ॒स्मत्सुत॑ष्टो॒ रथो॒ न वा॒जी ॥					1	-1	[[-1]]
7	34	02 वि॒दुः पृ॑थि॒व्या दि॒वो ज॒नित्रं॑ शृ॒ण्वन्त्यापो॒ अध॒ क्षर॑न्तीः ॥					1	-1	[[-1]]
7	34	03 आप॑श्चिदस्मै॒ पिन्व॑न्त पृ॒थ्वीर्वृ॒त्रेषु॒ शूरा॒ मंस॑न्त उ॒ग्राः ॥					1	-1	[[-1]]
7	34	04 आ धू॒र्ष्व॑स्मै॒ दधा॒ताश्वा॒निन्द्रो॒ न व॒ज्री हिर॑ण्यबाहुः ॥					1	-1	[[-1]]
7	34	05 अ॒भि प्र स्था॒ताहे॑व य॒ज्ञं याते॑व॒ पत्म॒न्त्मना॑ हिनोत ॥					1	-1	[[-1]]
7	34	06 त्मना॑ स॒मत्सु॑ हि॒नोत॑ य॒ज्ञं दधा॑त के॒तुं जना॑य वी॒रम् ॥					1	-1	[[-1]]
7	34	07 उद॑स्य॒ शुष्मा॑द्भा॒नुर्नार्त॒ बिभ॑र्ति भा॒रं पृ॑थि॒वी न भूम॑ ॥					1	-1	[[-1]]
7	34	08 ह्वया॑मि दे॒वाँ अया॑तुरग्ने॒ साध॑न्नृ॒तेन॒ धियं॑ दधामि ॥					1	-1	[[-1]]
7	34	09 अ॒भि वो॑ दे॒वीं धियं॑ दधिध्वं॒ प्र वो॑ देव॒त्रा वाचं॑ कृणुध्वम् ॥					1	-1	[[-1]]
7	34	10 आ च॑ष्ट आसां॒ पाथो॑ न॒दीनां॒ वरु॑ण उ॒ग्रः स॒हस्र॑चक्षाः ॥					1	-1	[[-1]]
7	34	11 राजा॑ रा॒ष्ट्रानां॒ पेशो॑ न॒दीना॒मनु॑त्तमस्मै क्ष॒त्रं वि॒श्वायु॑ ॥					1	-1	[[-1]]
7	34	12 अवि॑ष्टो अ॒स्मान्विश्वा॑सु वि॒क्ष्वद्युं॑ कृणोत॒ शंसं॑ निनि॒त्सोः ॥					1	-1	[[-1]]
7	34	13 व्ये॑तु दि॒द्युद्द्वि॒षामशे॑वा यु॒योत॒ विष्व॒ग्रप॑स्त॒नूना॑म् ॥					1	-1	[[-1]]
7	34	14 अवी॑न्नो अ॒ग्निर्ह॒व्यान्नमो॑भि॒ः प्रेष्ठो॑ अस्मा अधायि॒ स्तोम॑ः ॥					1	-1	[[-1]]
7	34	15 स॒जूर्दे॒वेभि॑र॒पां नपा॑तं॒ सखा॑यं कृध्वं शि॒वो नो॑ अस्तु ॥					1	-1	[[-1]]
7	34	16 अ॒ब्जामु॒क्थैरहिं॑ गृणीषे बु॒ध्ने न॒दीनां॒ रज॑स्सु॒ षीद॑न् ॥					1	-1	[[-1]]
7	34	17 मा नोऽहि॑र्बु॒ध्न्यो॑ रि॒षे धा॒न्मा य॒ज्ञो अ॑स्य स्रिधदृता॒योः ॥					1	-1	[[-1]]
7	34	18 उ॒त न॑ ए॒षु नृषु॒ श्रवो॑ धु॒ः प्र रा॒ये य॑न्तु॒ शर्ध॑न्तो अ॒र्यः ॥					1	-1	[[-1]]
7	34	19 तप॑न्ति॒ शत्रुं॒ स्व१॒॑र्ण भूमा॑ म॒हासे॑नासो॒ अमे॑भिरेषाम् ॥					1	-1	[[-1]]
7	34	20 आ यन्न॒ः पत्नी॒र्गम॒न्त्यच्छा॒ त्वष्टा॑ सुपा॒णिर्दधा॑तु वी॒रान् ॥					1	-1	[[-1]]
7	34	21 प्रति॑ न॒ः स्तोमं॒ त्वष्टा॑ जुषेत॒ स्याद॒स्मे अ॒रम॑तिर्वसू॒युः ॥					1	-1	[[-1]]
7	35	7				शं न॒ः सोमो॑ भवतु॒ ब्रह्म॒ शं न॒ः शं नो॒ ग्रावा॑ण॒ः शमु॑ सन्तु य॒ज्ञाः । शं न॒ः स्वरू॑णां मि॒तयो॑ भवन्तु॒ शं न॑ः प्र॒स्व१॒॑ः शम्व॑स्तु॒ वेदि॑ः ॥	1	-1	[[-1]]
7	35	13				शं नो॑ अ॒ज एक॑पाद्दे॒वो अ॑स्तु॒ शं नोऽहि॑र्बु॒ध्न्य१॒॑ः शं स॑मु॒द्रः । शं नो॑ अ॒पां नपा॑त्पे॒रुर॑स्तु॒ शं न॒ः पृश्नि॑र्भवतु दे॒वगो॑पा ॥	1	-1	[[-1]]
7	55	3				स्ते॒नं रा॑य सारमेय॒ तस्क॑रं वा पुनःसर । स्तो॒तॄनिन्द्र॑स्य रायसि॒ किम॒स्मान्दु॑च्छुनायसे॒ नि षु स्व॑प ॥	1	-1	[[-1]]
7	55	4				त्वं सू॑क॒रस्य॑ दर्दृहि॒ तव॑ दर्दर्तु सूक॒रः । स्तो॒तॄनिन्द्र॑स्य रायसि॒ किम॒स्मान्दु॑च्छुनायसे॒ नि षु स्व॑प ॥	1	-1	[[-1]]
7	56	1				क ईं॒ व्य॑क्ता॒ नर॒ः सनी॑ळा रु॒द्रस्य॒ मर्या॒ अध॒ स्वश्वा॑ः ॥	1	-1	[[-1]]
7	56	11				स्वा॒यु॒धास॑ इ॒ष्मिण॑ः सुनि॒ष्का उ॒त स्व॒यं त॒न्व१॒॑ः शुम्भ॑मानाः ॥	1	-1	[[-1]]
7	59	5	5.0	4.0	29.0	ओ षु घृ॑ष्विराधसो या॒तनान्धां॑सि पी॒तये॑ । इ॒मा वो॑ ह॒व्या म॑रुतो र॒रे हि कं॒ मो ष्व१॒॑न्यत्र॑ गन्तन ॥	1	-1	[[-1]]
7	59	7	5.0	4.0	30.0	स॒स्वश्चि॒द्धि त॒न्व१॒॑ः शुम्भ॑माना॒ आ हं॒सासो॒ नील॑पृष्ठा अपप्तन् । विश्वं॒ शर्धो॑ अ॒भितो॑ मा॒ नि षे॑द॒ नरो॒ न र॒ण्वाः सव॑ने॒ मद॑न्तः ॥	1	-1	[[-1]]
7	60	3				अयु॑क्त स॒प्त ह॒रित॑ः स॒धस्था॒द्या ईं॒ वह॑न्ति॒ सूर्यं॑ घृ॒ताची॑ः । धामा॑नि मित्रावरुणा यु॒वाकु॒ः सं यो यू॒थेव॒ जनि॑मानि॒ चष्टे॑ ॥	1	-1	[[-1]]
7	64	2				आ रा॑जाना मह ऋतस्य गोपा॒ सिन्धु॑पती क्षत्रिया यातम॒र्वाक् । इळां॑ नो मित्रावरुणो॒त वृ॒ष्टिमव॑ दि॒व इ॑न्वतं जीरदानू ॥	1	-1	[[-1]]
7	66	3				ता न॑ः स्ति॒पा त॑नू॒पा वरु॑ण जरितॄ॒णाम् । मित्र॑ सा॒धय॑तं॒ धिय॑ः ॥	1	-1	[[-1]]
7	66	16				तच्चक्षु॑र्दे॒वहि॑तं शु॒क्रमु॒च्चर॑त् । 7	1	-1	[[-1]]
7	83	9				वृ॒त्राण्य॒न्यः स॑मि॒थेषु॒ जिघ्न॑ते व्र॒तान्य॒न्यो अ॒भि र॑क्षते॒ सदा॑ । हवा॑महे वां वृषणा सुवृ॒क्तिभि॑र॒स्मे इ॑न्द्रावरुणा॒ शर्म॑ यच्छतम् ॥	1	-1	[[-1]]
7	84	4				अ॒स्मे इ॑न्द्रावरुणा वि॒श्ववा॑रं र॒यिं ध॑त्तं॒ वसु॑मन्तं पुरु॒क्षुम् । प्र य आ॑दि॒त्यो अनृ॑ता मि॒नात्यमि॑ता॒ शूरो॑ दयते॒ वसू॑नि ॥	1	-1	[[-1]]
7	85	2				स्पर्ध॑न्ते॒ वा उ॑ देव॒हूये॒ अत्र॒ येषु॑ ध्व॒जेषु॑ दि॒द्यव॒ः पत॑न्ति । यु॒वं ताँ इ॑न्द्रावरुणाव॒मित्रा॑न्ह॒तं परा॑च॒ः शर्वा॒ विषू॑चः ॥	1	-1	[[-1]]
7	86	2				उ॒त स्वया॑ त॒न्वा॒३॒॑ सं व॑दे॒ तत्क॒दा न्व१॒॑न्तर्वरु॑णे भुवानि । किं मे॑ ह॒व्यमहृ॑णानो जुषेत क॒दा मृ॑ळी॒कं सु॒मना॑ अ॒भि ख्य॑म् ॥	1	-1	[[-1]]
7	88	3				आ यद्रु॒हाव॒ वरु॑णश्च॒ नावं॒ प्र यत्स॑मु॒द्रमी॒रया॑व॒ मध्य॑म् । अधि॒ यद॒पां स्नुभि॒श्चरा॑व॒ प्र प्रे॒ङ्ख ई॑ङ्खयावहै शु॒भे कम् ॥	1	-1	[[-1]]
7	93	6				इ॒मामु॒ षु सोम॑सुति॒मुप॑ न॒ एन्द्रा॑ग्नी सौमन॒साय॑ यातम् । नू चि॒द्धि प॑रिम॒म्नाथे॑ अ॒स्माना वां॒ शश्व॑द्भिर्ववृतीय॒ वाजै॑ः ॥	1	-1	[[-1]]
7	94	11				उ॒क्थेभि॑र्वृत्र॒हन्त॑मा॒ या म॑न्दा॒ना चि॒दा गि॒रा । आ॒ङ्गू॒षैरा॒विवा॑सतः ॥	1	-1	[[-1]]
7	98	3				ज॒ज्ञा॒नः सोमं॒ सह॑से पपाथ॒ प्र ते॑ मा॒ता म॑हि॒मान॑मुवाच । एन्द्र॑ पप्राथो॒र्व१॒॑न्तरि॑क्षं यु॒धा दे॒वेभ्यो॒ वरि॑वश्चकर्थ ॥	1	-1	[[-1]]
8	2	8				त्रय॒ः कोशा॑सः श्चोतन्ति ति॒स्रश्च॒म्व१॒॑ः सुपू॑र्णाः । स॒मा॒ने अधि॒ भार्म॑न् ॥	1	-1	[[-1]]
8	2	9				शुचि॑रसि पुरुनि॒ःष्ठाः क्षी॒रैर्म॑ध्य॒त आशी॑र्तः । द॒ध्ना मन्दि॑ष्ठ॒ः शूर॑स्य ॥	1	-1	[[-1]]
8	5	13				नि षु ब्रह्म॒ जना॑नां॒ यावि॑ष्टं॒ तूय॒मा ग॑तम् । मो ष्व१॒॑न्याँ उपा॑रतम् ॥	1	-1	[[-1]]
8	6	18				य इ॑न्द्र॒ यत॑यस्त्वा॒ भृग॑वो॒ ये च॑ तुष्टु॒वुः । ममेदु॑ग्र श्रुधी॒ हव॑म् ॥	1	-1	[[-1]]
8	6	20				या इ॑न्द्र प्र॒स्व॑स्त्वा॒सा गर्भ॒मच॑क्रिरन् । परि॒ धर्मे॑व॒ सूर्य॑म् ॥	1	-1	[[-1]]
8	12	1				य इ॑न्द्र सोम॒पात॑मो॒ मद॑ः शविष्ठ॒ चेत॑ति । येना॒ हंसि॒ न्य१॒॑त्रिणं॒ तमी॑महे ॥	1	-1	[[-1]]
8	13	13				हवे॑ त्वा॒ सूर॒ उदि॑ते॒ हवे॑ म॒ध्यंदि॑ने दि॒वः । जु॒षा॒ण इ॑न्द्र॒ सप्ति॑भिर्न॒ आ ग॑हि ॥	1	-1	[[-1]]
8	14	7				व्य१॒॑न्तरि॑क्षमतिर॒न्मदे॒ सोम॑स्य रोच॒ना । इन्द्रो॒ यदभि॑नद्व॒लम् ॥	1	-1	[[-1]]
8	14	11				त्वं हि स्तो॑म॒वर्ध॑न॒ इन्द्रास्यु॑क्थ॒वर्ध॑नः । स्तो॒तॄ॒णामु॒त भ॑द्र॒कृत् ॥	1	-1	[[-1]]
8	17	13				यस्ते॑ शृङ्गवृषो नपा॒त्प्रण॑पात्कुण्ड॒पाय्य॑ः । न्य॑स्मिन्दध्र॒ आ मन॑ः ॥	1	-1	[[-1]]
8	19	37				उ॒त मे॑ प्र॒यियो॑र्व॒यियो॑ः सु॒वास्त्वा॒ अधि॒ तुग्व॑नि । ति॒सॄ॒णां स॑प्तती॒नां श्या॒वः प्र॑णे॒ता भु॑व॒द्वसु॒र्दिया॑नां॒ पति॑ः ॥	1	-1	[[-1]]
8	24	12				न॒ह्य१॒॑ङ्ग नृ॑तो॒ त्वद॒न्यं वि॒न्दामि॒ राध॑से । रा॒ये द्यु॒म्नाय॒ शव॑से च गिर्वणः ॥	1	-1	[[-1]]
8	24	15				न॒ह्य१॒॑ङ्ग पु॒रा च॒न ज॒ज्ञे वी॒रत॑र॒स्त्वत् । नकी॑ रा॒या नैवथा॒ न भ॒न्दना॑ ॥	1	-1	[[-1]]
8	26	20				यु॒क्ष्वा हि त्वं र॑था॒सहा॑ यु॒वस्व॒ पोष्या॑ वसो । आन्नो॑ वायो॒ मधु॑ पिबा॒स्माकं॒ सव॒ना ग॑हि ॥	1	-1	[[-1]]
8	33	7				क ईं॑ वेद सु॒ते सचा॒ पिब॑न्तं॒ कद्वयो॑ दधे । अ॒यं यः पुरो॑ विभि॒नत्त्योज॑सा मन्दा॒नः शि॒प्र्यन्ध॑सः ॥	1	-1	[[-1]]
8	35	17				क्ष॒त्रं जि॑न्वतमु॒त जि॑न्वतं॒ नॄन्ह॒तं रक्षां॑सि॒ सेध॑त॒ममी॑वाः । स॒जोष॑सा उ॒षसा॒ सूर्ये॑ण च॒ सोमं॑ सुन्व॒तो अ॑श्विना ॥	1	-1	[[-1]]
8	39	2				न्य॑ग्ने॒ नव्य॑सा॒ वच॑स्त॒नूषु॒ शंस॑मेषाम् । न्यरा॑ती॒ ररा॑व्णां॒ विश्वा॑ अ॒र्यो अरा॑तीरि॒तो यु॑च्छन्त्वा॒मुरो॒ नभ॑न्तामन्य॒के स॑मे ॥	1	-1	[[-1]]
8	40	11				तं शि॑शीता स्वध्व॒रं स॒त्यं सत्वा॑नमृ॒त्विय॑म् । उ॒तो नु चि॒द्य ओह॑त आ॒ण्डा शुष्ण॑स्य॒ भेद॒त्यजै॒ः स्व॑र्वतीर॒पो नभ॑न्तामन्य॒के स॑मे ॥	1	-1	[[-1]]
8	41	2				तमू॒ षु स॑म॒ना गि॒रा पि॑तॄ॒णां च॒ मन्म॑भिः । ना॒भा॒कस्य॒ प्रश॑स्तिभि॒र्यः सिन्धू॑ना॒मुपो॑द॒ये स॒प्तस्व॑सा॒ स म॑ध्य॒मो नभ॑न्तामन्य॒के स॑मे ॥	1	-1	[[-1]]
8	43	18				तुभ्यं॒ ता अ॑ङ्गिरस्तम॒ विश्वा॑ः सुक्षि॒तय॒ः पृथ॑क् । अग्ने॒ कामा॑य येमिरे ॥	1	-1	[[-1]]
8	44	8				जु॒षा॒णो अ॑ङ्गिरस्तमे॒मा ह॒व्यान्या॑नु॒षक् । अग्ने॑ य॒ज्ञं न॑य ऋतु॒था ॥	1	-1	[[-1]]
8	46	8				यस्ते॒ मदो॒ वरे॑ण्यो॒ य इ॑न्द्र वृत्र॒हन्त॑मः । य आ॑द॒दिः स्व१॒॑र्नृभि॒र्यः पृत॑नासु दु॒ष्टर॑ः ॥	1	-1	[[-1]]
8	48	4				शं नो॑ भव हृ॒द आ पी॒त इ॑न्दो पि॒तेव॑ सोम सू॒नवे॑ सु॒शेव॑ः । सखे॑व॒ सख्य॑ उरुशंस॒ धीर॒ः प्र ण॒ आयु॑र्जी॒वसे॑ सोम तारीः ॥	1	-1	[[-1]]
8	49	3				आ त्वा॑ सु॒तास॒ इन्द॑वो॒ मदा॒ य इ॑न्द्र गिर्वणः । आपो॒ न व॑ज्रि॒न्नन्वो॒क्यं१॒॑ सर॑ः पृ॒णन्ति॑ शूर॒ राध॑से ॥	1	-1	[[-1]]
8	50	7				यद्ध॑ नू॒नं प॑रा॒वति॒ यद्वा॑ पृथि॒व्यां दि॒वि । यु॒जा॒न इ॑न्द्र॒ हरि॑भिर्महेमत ऋ॒ष्व ऋ॒ष्वेभि॒रा ग॑हि ॥	1	-1	[[-1]]
8	54	2				नक्ष॑न्त॒ इन्द्र॒मव॑से सुकृ॒त्यया॒ येषां॑ सु॒तेषु॒ मन्द॑से । यथा॑ संव॒र्ते अम॑दो॒ यथा॑ कृ॒श ए॒वास्मे इ॑न्द्र मत्स्व ॥	1	-1	[[-1]]
8	61	17				अ॒द्याद्या॒ श्वःश्व॒ इन्द्र॒ त्रास्व॑ प॒रे च॑ नः । विश्वा॑ च नो जरि॒तॄन्स॑त्पते॒ अहा॒ दिवा॒ नक्तं॑ च रक्षिषः ॥	1	-1	[[-1]]
8	65	8				इ॒दं ते॑ सो॒म्यं मध्वधु॑क्ष॒न्नद्रि॑भि॒र्नर॑ः । जु॒षा॒ण इ॑न्द्र॒ तत्पि॑ब ॥	1	-1	[[-1]]
8	68	17				षळश्वाँ॑ आतिथि॒ग्व इ॑न्द्रो॒ते व॒धूम॑तः । सचा॑ पू॒तक्र॑तौ सनम् ॥	1	-1	[[-1]]
8	75	9				मा न॑ः समस्य दू॒ढ्य१॒॑ः परि॑द्वेषसो अंह॒तिः । ऊ॒र्मिर्न नाव॒मा व॑धीत् ॥	1	-1	[[-1]]
8	78	4				नकीं॑ वृधी॒क इ॑न्द्र ते॒ न सु॒षा न सु॒दा उ॒त । नान्यस्त्वच्छू॑र वा॒घत॑ः ॥	1	-1	[[-1]]
8	80	1				न॒ह्य१॒॑न्यं ब॒ळाक॑रं मर्डि॒तारं॑ शतक्रतो । त्वं न॑ इन्द्र मृळय ॥	1	-1	[[-1]]
8	82	7				य इ॑न्द्र चम॒सेष्वा सोम॑श्च॒मूषु॑ ते सु॒तः । पिबेद॑स्य॒ त्वमी॑शिषे ॥	1	-1	[[-1]]
8	84	3				त्वं य॑विष्ठ दा॒शुषो॒ नॄँः पा॑हि शृणु॒धी गिर॑ः । रक्षा॑ तो॒कमु॒त त्मना॑ ॥	1	-1	[[-1]]
8	92	17				यस्ते॑ चि॒त्रश्र॑वस्तमो॒ य इ॑न्द्र वृत्र॒हन्त॑मः । य ओ॑जो॒दात॑मो॒ मद॑ः ॥	1	-1	[[-1]]
8	92	23				वि॒व्यक्थ॑ महि॒ना वृ॑षन्भ॒क्षं सोम॑स्य जागृवे । य इ॑न्द्र ज॒ठरे॑षु ते ॥	1	-1	[[-1]]
8	93	6				ये सोमा॑सः परा॒वति॒ ये अ॑र्वा॒वति॑ सुन्वि॒रे । सर्वाँ॒स्ताँ इ॑न्द्र गच्छसि ॥	1	-1	[[-1]]
8	93	10				दु॒र्गे चि॑न्नः सु॒गं कृ॑धि गृणा॒न इ॑न्द्र गिर्वणः । त्वं च॑ मघव॒न्वश॑ः ॥	1	-1	[[-1]]
8	96	17				त्वं ह॒ त्यद॑प्रतिमा॒नमोजो॒ वज्रे॑ण वज्रिन्धृषि॒तो ज॑घन्थ । त्वं शुष्ण॒स्यावा॑तिरो॒ वध॑त्रै॒स्त्वं गा इ॑न्द्र॒ शच्येद॑विन्दः ॥	1	-1	[[-1]]
8	97	1				या इ॑न्द्र॒ भुज॒ आभ॑र॒ः स्व॑र्वाँ॒ असु॑रेभ्यः । स्तो॒तार॒मिन्म॑घवन्नस्य वर्धय॒ ये च॒ त्वे वृ॒क्तब॑र्हिषः ॥	1	-1	[[-1]]
8	97	3				य इ॑न्द्र॒ सस्त्य॑व्र॒तो॑ऽनु॒ष्वाप॒मदे॑वयुः । स्वैः ष एवै॑र्मुमुर॒त्पोष्यं॑ र॒यिं स॑नु॒तर्धे॑हि॒ तं तत॑ः ॥	1	-1	[[-1]]
8	97	8				अ॒स्मे इ॑न्द्र॒ सचा॑ सु॒ते नि ष॑दा पी॒तये॒ मधु॑ । कृ॒धी ज॑रि॒त्रे म॑घव॒न्नवो॑ म॒हद॒स्मे इ॑न्द्र॒ सचा॑ सु॒ते ॥	1	-1	[[-1]]
8	99	1				त्वामि॒दा ह्यो नरोऽपी॑प्यन्वज्रि॒न्भूर्ण॑यः । स इ॑न्द्र॒ स्तोम॑वाहसामि॒ह श्रु॒ध्युप॒ स्वस॑र॒मा ग॑हि ॥	1	-1	[[-1]]
8	100	3				प्र सु स्तोमं॑ भरत वाज॒यन्त॒ इन्द्रा॑य स॒त्यं यदि॑ स॒त्यमस्ति॑ । नेन्द्रो॑ अ॒स्तीति॒ नेम॑ उ त्व आह॒ क ईं॑ ददर्श॒ कम॒भि ष्ट॑वाम ॥	1	-1	[[-1]]
8	101	6				ते हि॑न्विरे अरु॒णं जेन्यं॒ वस्वेकं॑ पु॒त्रं ति॑सॄ॒णाम् । ते धामा॑न्य॒मृता॒ मर्त्या॑ना॒मद॑ब्धा अ॒भि च॑क्षते ॥	1	-1	[[-1]]
8	101	13				इ॒यं या नीच्य॒र्किणी॑ रू॒पा रोहि॑ण्या कृ॒ता । चि॒त्रेव॒ प्रत्य॑दर्श्याय॒त्य१॒॑न्तर्द॒शसु॑ बा॒हुषु॑ ॥	1	-1	[[-1]]
8	101	14				प्र॒जा ह॑ ति॒स्रो अ॒त्याय॑मीयु॒र्न्य१॒॑न्या अ॒र्कम॒भितो॑ विविश्रे । बृ॒हद्ध॑ तस्थौ॒ भुव॑नेष्व॒न्तः पव॑मानो ह॒रित॒ आ वि॑वेश ॥	1	-1	[[-1]]
8	102	10				विश्वे॑षामि॒ह स्तु॑हि॒ होतॄ॑णां य॒शस्त॑मम् । अ॒ग्निं य॒ज्ञेषु॑ पू॒र्व्यम् ॥	1	-1	[[-1]]
9	2	10	6.0	7.0	19.0	गो॒षा इ॑न्दो नृ॒षा अ॑स्यश्व॒सा वा॑ज॒सा उ॒त । आ॒त्मा य॒ज्ञस्य॑ पू॒र्व्यः ॥	1	-1	[[-1]]
9	6	9	6.0	7.0	27.0	ए॒वा पु॑ना॒न इ॑न्द्र॒युर्मदं॑ मदिष्ठ वी॒तये॑ । गुहा॑ चिद्दधिषे॒ गिर॑ः ॥	1	-1	[[-1]]
9	10	6	6.0	7.0	35.0	अप॒ द्वारा॑ मती॒नां प्र॒त्ना ऋ॑ण्वन्ति का॒रव॑ः । वृष्णो॒ हर॑स आ॒यव॑ः ॥	1	-1	[[-1]]
9	12	9	6.0	7.0	39.0	आ प॑वमान धारय र॒यिं स॒हस्र॑वर्चसम् । अ॒स्मे इ॑न्दो स्वा॒भुव॑म् ॥	1	-1	[[-1]]
9	16	1	6.0	8.0	6.0	प्र ते॑ सो॒तार॑ ओ॒ण्यो॒३॒॑ रसं॒ मदा॑य॒ घृष्व॑ये । सर्गो॒ न त॒क्त्येत॑शः ॥	1	-1	[[-1]]
9	31	1	6.0	8.0	21.0	प्र सोमा॑सः स्वा॒ध्य१॒॑ः पव॑मानासो अक्रमुः । र॒यिं कृ॑ण्वन्ति॒ चेत॑नम् ॥	1	-1	[[-1]]
9	40	6	6.0	8.0	30.0	पु॒ना॒न इ॑न्द॒वा भ॑र॒ सोम॑ द्वि॒बर्ह॑सं र॒यिम् । वृष॑न्निन्दो न उ॒क्थ्य॑म् ॥	1	-1	[[-1]]
9	48	5	7.0	1.0	5.0	अधा॑ हिन्वा॒न इ॑न्द्रि॒यं ज्यायो॑ महि॒त्वमा॑नशे । अ॒भि॒ष्टि॒कृद्विच॑र्षणिः ॥	1	-1	[[-1]]
9	51	3	7.0	1.0	8.0	तव॒ त्य इ॑न्दो॒ अन्ध॑सो दे॒वा मधो॒र्व्य॑श्नते । पव॑मानस्य म॒रुत॑ः ॥	1	-1	[[-1]]
9	54	4	7.0	1.0	11.0	परि॑ णो दे॒ववी॑तये॒ वाजाँ॑ अर्षसि॒ गोम॑तः । पु॒ना॒न इ॑न्दविन्द्र॒युः ॥	1	-1	[[-1]]
9	56	4	7.0	1.0	13.0	त्वमिन्द्रा॑य॒ विष्ण॑वे स्वा॒दुरि॑न्दो॒ परि॑ स्रव । नॄन्स्तो॒तॄन्पा॒ह्यंह॑सः ॥	1	-1	[[-1]]
9	57	4	7.0	1.0	14.0	स नो॒ विश्वा॑ दि॒वो वसू॒तो पृ॑थि॒व्या अधि॑ । पु॒ना॒न इ॑न्द॒वा भ॑र ॥	1	-1	[[-1]]
9	64	3	7.0	1.0	36.0	अश्वो॒ न च॑क्रदो॒ वृषा॒ सं गा इ॑न्दो॒ समर्व॑तः । वि नो॑ रा॒ये दुरो॑ वृधि ॥	1	-1	[[-1]]
9	64	26	7.0	1.0	41.0	उ॒तो स॒हस्र॑भर्णसं॒ वाचं॑ सोम मख॒स्युव॑म् । पु॒ना॒न इ॑न्द॒वा भ॑र ॥	1	-1	[[-1]]
9	64	27	7.0	1.0	41.0	पु॒ना॒न इ॑न्दवेषां॒ पुरु॑हूत॒ जना॑नाम् । प्रि॒यः स॑मु॒द्रमा वि॑श ॥	1	-1	[[-1]]
9	65	11	7.0	2.0	3.0	तं त्वा॑ ध॒र्तार॑मो॒ण्यो॒३॒॑ः पव॑मान स्व॒र्दृश॑म् । हि॒न्वे वाजे॑षु वा॒जिन॑म् ॥	1	-1	[[-1]]
9	65	14	7.0	2.0	3.0	आ क॒लशा॑ अनूष॒तेन्दो॒ धारा॑भि॒रोज॑सा । एन्द्र॑स्य पी॒तये॑ विश ॥	1	-1	[[-1]]
9	66	15	7.0	2.0	9.0	आ प॑वस्व॒ गवि॑ष्टये म॒हे सो॑म नृ॒चक्ष॑से । एन्द्र॑स्य ज॒ठरे॑ विश ॥	1	-1	[[-1]]
9	70	5	7.0	2.0	23.0	स म॑र्मृजा॒न इ॑न्द्रि॒याय॒ धाय॑स॒ ओभे अ॒न्ता रोद॑सी हर्षते हि॒तः । वृषा॒ शुष्मे॑ण बाधते॒ वि दु॑र्म॒तीरा॒देदि॑शानः शर्य॒हेव॑ शु॒रुध॑ः ॥	1	-1	[[-1]]
9	73	8				ऋ॒तस्य॑ गो॒पा न दभा॑य सु॒क्रतु॒स्त्री ष प॒वित्रा॑ हृ॒द्य१॒॑न्तरा द॑धे । वि॒द्वान्स विश्वा॒ भुव॑ना॒भि प॑श्य॒त्यवाजु॑ष्टान्विध्यति क॒र्ते अ॑व्र॒तान् ॥	1	-1	[[-1]]
9	76	2	7.0	3.0	1.0	शूरो॒ न ध॑त्त॒ आयु॑धा॒ गभ॑स्त्यो॒ः स्व१॒॑ः सिषा॑सन्रथि॒रो गवि॑ष्टिषु । इन्द्र॑स्य॒ शुष्म॑मी॒रय॑न्नप॒स्युभि॒रिन्दु॑र्हिन्वा॒नो अ॑ज्यते मनी॒षिभि॑ः ॥	1	-1	[[-1]]
9	78	3	7.0	3.0	3.0	स॒मु॒द्रिया॑ अप्स॒रसो॑ मनी॒षिण॒मासी॑ना अ॒न्तर॒भि सोम॑मक्षरन् । ता ईं॑ हिन्वन्ति ह॒र्म्यस्य॑ स॒क्षणिं॒ याच॑न्ते सु॒म्नं पव॑मान॒मक्षि॑तम् ॥	1	-1	[[-1]]
9	81	5	7.0	3.0	6.0	उ॒भे द्यावा॑पृथि॒वी वि॑श्वमि॒न्वे अ॑र्य॒मा दे॒वो अदि॑तिर्विधा॒ता । भगो॒ नृशंस॑ उ॒र्व१॒॑न्तरि॑क्षं॒ विश्वे॑ दे॒वाः पव॑मानं जुषन्त ॥	1	-1	[[-1]]
9	86	3	7.0	3.0	12.0	अत्यो॒ न हि॑या॒नो अ॒भि वाज॑मर्ष स्व॒र्वित्कोशं॑ दि॒वो अद्रि॑मातरम् । वृषा॑ प॒वित्रे॒ अधि॒ सानो॑ अ॒व्यये॒ सोम॑ः पुना॒न इ॑न्द्रि॒याय॒ धाय॑से ॥	1	-1	[[-1]]
9	86	10	7.0	3.0	13.0	ज्योति॑र्य॒ज्ञस्य॑ पवते॒ मधु॑ प्रि॒यं पि॒ता दे॒वानां॑ जनि॒ता वि॒भूव॑सुः । दधा॑ति॒ रत्नं॑ स्व॒धयो॑रपी॒च्यं॑ म॒दिन्त॑मो मत्स॒र इ॑न्द्रि॒यो रस॑ः ॥	1	-1	[[-1]]
9	86	22	7.0	3.0	16.0	पव॑स्व सोम दि॒व्येषु॒ धाम॑सु सृजा॒न इ॑न्दो क॒लशे॑ प॒वित्र॒ आ । सीद॒न्निन्द्र॑स्य ज॒ठरे॒ कनि॑क्रद॒न्नृभि॑र्य॒तः सूर्य॒मारो॑हयो दि॒वि ॥	1	-1	[[-1]]
9	86	37	7.0	3.0	19.0	ई॒शा॒न इ॒मा भुव॑नानि॒ वीय॑से युजा॒न इ॑न्दो ह॒रित॑ः सुप॒र्ण्य॑ः । तास्ते॑ क्षरन्तु॒ मधु॑मद्घृ॒तं पय॒स्तव॑ व्र॒ते सो॑म तिष्ठन्तु कृ॒ष्टय॑ः ॥	1	-1	[[-1]]
9	86	39	7.0	3.0	19.0	गो॒वित्प॑वस्व वसु॒विद्धि॑रण्य॒विद्रे॑तो॒धा इ॑न्दो॒ भुव॑ने॒ष्वर्पि॑तः । त्वं सु॒वीरो॑ असि सोम विश्व॒वित्तं त्वा॒ विप्रा॒ उप॑ गि॒रेम आ॑सते ॥	1	-1	[[-1]]
9	86	41	7.0	3.0	20.0	स भ॒न्दना॒ उदि॑यर्ति प्र॒जाव॑तीर्वि॒श्वायु॒र्विश्वा॑ः सु॒भरा॒ अह॑र्दिवि । ब्रह्म॑ प्र॒जाव॑द्र॒यिमश्व॑पस्त्यं पी॒त इ॑न्द॒विन्द्र॑म॒स्मभ्यं॑ याचतात् ॥	1	-1	[[-1]]
9	88	2	7.0	3.0	24.0	स ईं॒ रथो॒ न भु॑रि॒षाळ॑योजि म॒हः पु॒रूणि॑ सा॒तये॒ वसू॑नि । आदीं॒ विश्वा॑ नहु॒ष्या॑णि जा॒ता स्व॑र्षाता॒ वन॑ ऊ॒र्ध्वा न॑वन्त ॥	1	-1	[[-1]]
9	89	2	7.0	3.0	25.0	राजा॒ सिन्धू॑नामवसिष्ट॒ वास॑ ऋ॒तस्य॒ नाव॒मारु॑ह॒द्रजि॑ष्ठाम् । अ॒प्सु द्र॒प्सो वा॑वृधे श्ये॒नजू॑तो दु॒ह ईं॑ पि॒ता दु॒ह ईं॑ पि॒तुर्जाम् ॥	1	-1	[[-1]]
9	89	4	7.0	3.0	25.0	मधु॑पृष्ठं घो॒रम॒यास॒मश्वं॒ रथे॑ युञ्जन्त्युरुच॒क्र ऋ॒ष्वम् । स्वसा॑र ईं जा॒मयो॑ मर्जयन्ति॒ सना॑भयो वा॒जिन॑मूर्जयन्ति ॥	1	-1	[[-1]]
9	89	5	7.0	3.0	25.0	चत॑स्र ईं घृत॒दुह॑ः सचन्ते समा॒ने अ॒न्तर्ध॒रुणे॒ निष॑त्ताः । ता ई॑मर्षन्ति॒ नम॑सा पुना॒नास्ता ईं॑ वि॒श्वत॒ः परि॑ षन्ति पू॒र्वीः ॥	1	-1	[[-1]]
9	91	4	7.0	4.0	1.0	रु॒जा दृ॒ळ्हा चि॑द्र॒क्षस॒ः सदां॑सि पुना॒न इ॑न्द ऊर्णुहि॒ वि वाजा॑न् । वृ॒श्चोपरि॑ष्टात्तुज॒ता व॒धेन॒ ये अन्ति॑ दू॒रादु॑पना॒यमे॑षाम् ॥	1	-1	[[-1]]
9	95	5	7.0	4.0	5.0	इष्य॒न्वाच॑मुपव॒क्तेव॒ होतु॑ः पुना॒न इ॑न्दो॒ वि ष्या॑ मनी॒षाम् । इन्द्र॑श्च॒ यत्क्षय॑थ॒ः सौभ॑गाय सु॒वीर्य॑स्य॒ पत॑यः स्याम ॥	1	-1	[[-1]]
9	96	13	7.0	4.0	8.0	पव॑स्व सोम॒ मधु॑माँ ऋ॒तावा॒पो वसा॑नो॒ अधि॒ सानो॒ अव्ये॑ । अव॒ द्रोणा॑नि घृ॒तवा॑न्ति सीद म॒दिन्त॑मो मत्स॒र इ॑न्द्र॒पान॑ः ॥	1	-1	[[-1]]
9	97	8	7.0	4.0	12.0	प्र हं॒सास॑स्तृ॒पलं॑ म॒न्युमच्छा॒मादस्तं॒ वृष॑गणा अयासुः । आ॒ङ्गू॒ष्यं१॒॑ पव॑मानं॒ सखा॑यो दु॒र्मर्षं॑ सा॒कं प्र व॑दन्ति वा॒णम् ॥	1	-1	[[-1]]
9	97	26	7.0	4.0	16.0	दे॒वा॒व्यो॑ नः परिषि॒च्यमा॑ना॒ः क्षयं॑ सु॒वीरं॑ धन्वन्तु॒ सोमा॑ः । आ॒य॒ज्यव॑ः सुम॒तिं वि॒श्ववा॑रा॒ होता॑रो॒ न दि॑वि॒यजो॑ म॒न्द्रत॑माः ॥	1	-1	[[-1]]
9	97	33	7.0	4.0	17.0	दि॒व्यः सु॑प॒र्णोऽव॑ चक्षि सोम॒ पिन्व॒न्धारा॒ः कर्म॑णा दे॒ववी॑तौ । एन्दो॑ विश क॒लशं॑ सोम॒धानं॒ क्रन्द॑न्निहि॒ सूर्य॒स्योप॑ र॒श्मिम् ॥	1	-1	[[-1]]
9	97	52	7.0	4.0	21.0	अ॒या प॒वा प॑वस्वै॒ना वसू॑नि माँश्च॒त्व इ॑न्दो॒ सर॑सि॒ प्र ध॑न्व । ब्र॒ध्नश्चि॒दत्र॒ वातो॒ न जू॒तः पु॑रु॒मेध॑श्चि॒त्तक॑वे॒ नरं॑ दात् ॥	1	-1	[[-1]]
9	99	3	7.0	4.0	25.0	तम॑स्य मर्जयामसि॒ मदो॒ य इ॑न्द्र॒पात॑मः । यं गाव॑ आ॒सभि॑र्द॒धुः पु॒रा नू॒नं च॑ सू॒रय॑ः ॥	1	-1	[[-1]]
9	99	8	7.0	4.0	26.0	सु॒त इ॑न्दो प॒वित्र॒ आ नृभि॑र्य॒तो वि नी॑यसे । इन्द्रा॑य मत्स॒रिन्त॑मश्च॒मूष्वा नि षी॑दसि ॥	1	-1	[[-1]]
9	100	2	7.0	4.0	27.0	पु॒ना॒न इ॑न्द॒वा भ॑र॒ सोम॑ द्वि॒बर्ह॑सं र॒यिम् । त्वं वसू॑नि पुष्यसि॒ विश्वा॑नि दा॒शुषो॑ गृ॒हे ॥	1	-1	[[-1]]
9	101	14	7.0	5.0	3.0	आ जा॒मिरत्के॑ अव्यत भु॒जे न पु॒त्र ओ॒ण्यो॑ः । सर॑ज्जा॒रो न योष॑णां व॒रो न योनि॑मा॒सद॑म् ॥	1	-1	[[-1]]
9	105	6	7.0	5.0	8.0	सने॑मि॒ त्वम॒स्मदाँ अदे॑वं॒ कं चि॑द॒त्रिण॑म् । सा॒ह्वाँ इ॑न्दो॒ परि॒ बाधो॒ अप॑ द्व॒युम् ॥	1	-1	[[-1]]
9	107	1	7.0	5.0	12.0	परी॒तो षि॑ञ्चता सु॒तं सोमो॒ य उ॑त्त॒मं ह॒विः । द॒ध॒न्वाँ यो नर्यो॑ अ॒प्स्व१॒॑न्तरा सु॒षाव॒ सोम॒मद्रि॑भिः ॥	1	-1	[[-1]]
9	107	19	7.0	5.0	15.0	तवा॒हं सो॑म रारण स॒ख्य इ॑न्दो दि॒वेदि॑वे । पु॒रूणि॑ बभ्रो॒ नि च॑रन्ति॒ मामव॑ परि॒धीँरति॒ ताँ इ॑हि ॥	1	-1	[[-1]]
9	107	25	7.0	5.0	16.0	पव॑माना असृक्षत प॒वित्र॒मति॒ धार॑या । म॒रुत्व॑न्तो मत्स॒रा इ॑न्द्रि॒या हया॑ मे॒धाम॒भि प्रयां॑सि च ॥	1	-1	[[-1]]
9	108	3	7.0	5.0	17.0	त्वं ह्य१॒॑ङ्ग दैव्या॒ पव॑मान॒ जनि॑मानि द्यु॒मत्त॑मः । अ॒मृ॒त॒त्वाय॑ घो॒षय॑ः ॥	1	-1	[[-1]]
9	108	14	7.0	5.0	19.0	यस्य॑ न॒ इन्द्र॒ः पिबा॒द्यस्य॑ म॒रुतो॒ यस्य॑ वार्य॒मणा॒ भग॑ः । आ येन॑ मि॒त्रावरु॑णा॒ करा॑मह॒ एन्द्र॒मव॑से म॒हे ॥	1	-1	[[-1]]
10	1	4				अत॑ उ त्वा पितु॒भृतो॒ जनि॑त्रीरन्ना॒वृधं॒ प्रति॑ चर॒न्त्यन्नै॑ः । ता ईं॒ प्रत्ये॑षि॒ पुन॑र॒न्यरू॑पा॒ असि॒ त्वं वि॒क्षु मानु॑षीषु॒ होता॑ ॥	1	-1	[[-1]]
10	2	1				पि॒प्री॒हि दे॒वाँ उ॑श॒तो य॑विष्ठ वि॒द्वाँ ऋ॒तूँरृ॑तुपते यजे॒ह । ये दैव्या॑ ऋ॒त्विज॒स्तेभि॑रग्ने॒ त्वं होतॄ॑णाम॒स्याय॑जिष्ठः ॥	1	-1	[[-1]]
10	5	5				स॒प्त स्वसॄ॒ररु॑षीर्वावशा॒नो वि॒द्वान्मध्व॒ उज्ज॑भारा दृ॒शे कम् । अ॒न्तर्ये॑मे अ॒न्तरि॑क्षे पुरा॒जा इ॒च्छन्व॒व्रिम॑विदत्पूष॒णस्य॑ ॥	1	-1	[[-1]]
10	10	6				को अ॒स्य वे॑द प्रथ॒मस्याह्न॒ः क ईं॑ ददर्श॒ क इ॒ह प्र वो॑चत् । बृ॒हन्मि॒त्रस्य॒ वरु॑णस्य॒ धाम॒ कदु॑ ब्रव आहनो॒ वीच्या॒ नॄन् ॥	1	-1	[[-1]]
10	14	10				अति॑ द्रव सारमे॒यौ श्वानौ॑ चतुर॒क्षौ श॒बलौ॑ सा॒धुना॑ प॒था । अथा॑ पि॒तॄन्सु॑वि॒दत्राँ॒ उपे॑हि य॒मेन॒ ये स॑ध॒मादं॒ मद॑न्ति ॥	1	-1	[[-1]]
10	15	3				आहं पि॒तॄन्सु॑वि॒दत्राँ॑ अवित्सि॒ नपा॑तं च वि॒क्रम॑णं च॒ विष्णो॑ः । ब॒र्हि॒षदो॒ ये स्व॒धया॑ सु॒तस्य॒ भज॑न्त पि॒त्वस्त इ॒हाग॑मिष्ठाः ॥	1	-1	[[-1]]
10	16	11				यो अ॒ग्निः क्र॑व्य॒वाह॑नः पि॒तॄन्यक्ष॑दृता॒वृध॑ः । प्रेदु॑ ह॒व्यानि॑ वोचति दे॒वेभ्य॑श्च पि॒तृभ्य॒ आ ॥	1	-1	[[-1]]
10	16	12				उ॒शन्त॑स्त्वा॒ नि धी॑मह्यु॒शन्त॒ः समि॑धीमहि । उ॒शन्नु॑श॒त आ व॑ह पि॒तॄन्ह॒विषे॒ अत्त॑वे ॥	1	-1	[[-1]]
10	22	10				त्वं तान्वृ॑त्र॒हत्ये॑ चोदयो॒ नॄन्का॑र्पा॒णे शू॑र वज्रिवः । गुहा॒ यदी॑ कवी॒नां वि॒शां नक्ष॑त्रशवसाम् ॥	1	-1	[[-1]]
10	24	3				यस्पति॒र्वार्या॑णा॒मसि॑ र॒ध्रस्य॑ चोदि॒ता । इन्द्र॑ स्तोतॄ॒णाम॑वि॒ता वि वो॒ मदे॑ द्वि॒षो न॑ः पा॒ह्यंह॑सो॒ विव॑क्षसे ॥	1	-1	[[-1]]
10	27	11				यस्या॑न॒क्षा दु॑हि॒ता जात्वास॒ कस्तां वि॒द्वाँ अ॒भि म॑न्याते अ॒न्धाम् । क॒त॒रो मे॒निं प्रति॒ तं मु॑चाते॒ य ईं॒ वहा॑ते॒ य ईं॑ वा वरे॒यात् ॥	1	-1	[[-1]]
10	27	17				पीवा॑नं मे॒षम॑पचन्त वी॒रा न्यु॑प्ता अ॒क्षा अनु॑ दी॒व आ॑सन् । द्वा धनुं॑ बृह॒तीम॒प्स्व१॒॑न्तः प॒वित्र॑वन्ता चरतः पु॒नन्ता॑ ॥	1	-1	[[-1]]
10	28	1				विश्वो॒ ह्य१॒॑न्यो अ॒रिरा॑ज॒गाम॒ ममेदह॒ श्वशु॑रो॒ ना ज॑गाम । ज॒क्षी॒याद्धा॒ना उ॒त सोमं॑ पपीया॒त्स्वा॑शित॒ः पुन॒रस्तं॑ जगायात् ॥	1	-1	[[-1]]
10	28	12				ए॒ते शमी॑भिः सु॒शमी॑ अभूव॒न्ये हि॑न्वि॒रे त॒न्व१॒॑ः सोम॑ उ॒क्थैः । नृ॒वद्वद॒न्नुप॑ नो माहि॒ वाजा॑न्दि॒वि श्रवो॑ दधिषे॒ नाम॑ वी॒रः ॥	1	-1	[[-1]]
10	29	2				प्र ते॑ अ॒स्या उ॒षस॒ः प्राप॑रस्या नृ॒तौ स्या॑म॒ नृत॑मस्य नृ॒णाम् । अनु॑ त्रि॒शोक॑ः श॒तमाव॑ह॒न्नॄन्कुत्से॑न॒ रथो॒ यो अस॑त्सस॒वान् ॥	1	-1	[[-1]]
10	29	4				कदु॑ द्यु॒म्नमि॑न्द्र॒ त्वाव॑तो॒ नॄन्कया॑ धि॒या क॑रसे॒ कन्न॒ आग॑न् । मि॒त्रो न स॒त्य उ॑रुगाय भृ॒त्या अन्ने॑ समस्य॒ यदस॑न्मनी॒षाः ॥	1	-1	[[-1]]
10	30	4				यो अ॑नि॒ध्मो दीद॑यद॒प्स्व१॒॑न्तर्यं विप्रा॑स॒ ईळ॑ते अध्व॒रेषु॑ । अपां॑ नपा॒न्मधु॑मतीर॒पो दा॒ याभि॒रिन्द्रो॑ वावृ॒धे वी॒र्या॑य ॥	1	-1	[[-1]]
10	30	12				आपो॑ रेवती॒ः क्षय॑था॒ हि वस्व॒ः क्रतुं॑ च भ॒द्रं बि॑भृ॒थामृतं॑ च । रा॒यश्च॒ स्थ स्व॑प॒त्यस्य॒ पत्नी॒ः सर॑स्वती॒ तद्गृ॑ण॒ते वयो॑ धात् ॥	1	-1	[[-1]]
10	34	5				यदा॒दीध्ये॒ न द॑विषाण्येभिः परा॒यद्भ्योऽव॑ हीये॒ सखि॑भ्यः । न्यु॑प्ताश्च ब॒भ्रवो॒ वाच॒मक्र॑तँ॒ एमीदे॑षां निष्कृ॒तं जा॒रिणी॑व ॥	1	-1	[[-1]]
10	35	2				दि॒वस्पृ॑थि॒व्योरव॒ आ वृ॑णीमहे मा॒तॄन्सिन्धू॒न्पर्व॑ताञ्छर्य॒णाव॑तः । अ॒ना॒गा॒स्त्वं सूर्य॑मु॒षास॑मीमहे भ॒द्रं सोम॑ः सुवा॒नो अ॒द्या कृ॑णोतु नः ॥	1	-1	[[-1]]
10	35	10				आ नो॑ ब॒र्हिः स॑ध॒मादे॑ बृ॒हद्दि॒वि दे॒वाँ ई॑ळे सा॒दया॑ स॒प्त होतॄ॑न् । इन्द्रं॑ मि॒त्रं वरु॑णं सा॒तये॒ भगं॑ स्व॒स्त्य१॒॑ग्निं स॑मिधा॒नमी॑महे ॥	1	-1	[[-1]]
10	39	14				ए॒तं वां॒ स्तोम॑मश्विनावक॒र्मात॑क्षाम॒ भृग॑वो॒ न रथ॑म् । न्य॑मृक्षाम॒ योष॑णां॒ न मर्ये॒ नित्यं॒ न सू॒नुं तन॑यं॒ दधा॑नाः ॥	1	-1	[[-1]]
10	40	11				न तस्य॑ विद्म॒ तदु॒ षु प्र वो॑चत॒ युवा॑ ह॒ यद्यु॑व॒त्याः क्षेति॒ योनि॑षु । प्रि॒योस्रि॑यस्य वृष॒भस्य॑ रे॒तिनो॑ गृ॒हं ग॑मेमाश्विना॒ तदु॑श्मसि ॥	1	-1	[[-1]]
10	40	14				क्व॑ स्विद॒द्य क॑त॒मास्व॒श्विना॑ वि॒क्षु द॒स्रा मा॑दयेते शु॒भस्पती॑ । क ईं॒ नि ये॑मे कत॒मस्य॑ जग्मतु॒र्विप्र॑स्य वा॒ यज॑मानस्य वा गृ॒हम् ॥	1	-1	[[-1]]
10	45	3				स॒मु॒द्रे त्वा॑ नृ॒मणा॑ अ॒प्स्व१॒॑न्तर्नृ॒चक्षा॑ ईधे दि॒वो अ॑ग्न॒ ऊध॑न् । तृ॒तीये॑ त्वा॒ रज॑सि तस्थि॒वांस॑म॒पामु॒पस्थे॑ महि॒षा अ॑वर्धन् ॥	1	-1	[[-1]]
10	45	4				अक्र॑न्दद॒ग्निः स्त॒नय॑न्निव॒ द्यौः क्षामा॒ रेरि॑हद्वी॒रुध॑ः सम॒ञ्जन् । स॒द्यो ज॑ज्ञा॒नो वि हीमि॒द्धो अख्य॒दा रोद॑सी भा॒नुना॑ भात्य॒न्तः ॥	1	-1	[[-1]]
10	46	6				नि प॒स्त्या॑सु त्रि॒तः स्त॑भू॒यन्परि॑वीतो॒ योनौ॑ सीदद॒न्तः । अत॑ः सं॒गृभ्या॑ वि॒शां दमू॑ना॒ विध॑र्मणाय॒न्त्रैरी॑यते॒ नॄन् ॥	1	-1	[[-1]]
10	47	6				प्र स॒प्तगु॑मृ॒तधी॑तिं सुमे॒धां बृह॒स्पतिं॑ म॒तिरच्छा॑ जिगाति । य आ॑ङ्गिर॒सो नम॑सोप॒सद्यो॒ऽस्मभ्यं॑ चि॒त्रं वृष॑णं र॒यिं दा॑ः ॥	1	-1	[[-1]]
10	49	8				अ॒हं स॑प्त॒हा नहु॑षो॒ नहु॑ष्टर॒ः प्राश्रा॑वयं॒ शव॑सा तु॒र्वशं॒ यदु॑म् । अ॒हं न्य१॒॑न्यं सह॑सा॒ सह॑स्करं॒ नव॒ व्राध॑तो नव॒तिं च॑ वक्षयम् ॥	1	-1	[[-1]]
10	49	11				ए॒वा दे॒वाँ इन्द्रो॑ विव्ये॒ नॄन्प्र च्यौ॒त्नेन॑ म॒घवा॑ स॒त्यरा॑धाः । विश्वेत्ता ते॑ हरिवः शचीवो॒ऽभि तु॒रास॑ः स्वयशो गृणन्ति ॥	1	-1	[[-1]]
10	50	4				भुव॒स्त्वमि॑न्द्र॒ ब्रह्म॑णा म॒हान्भुवो॒ विश्वे॑षु॒ सव॑नेषु य॒ज्ञिय॑ः । भुवो॒ नॄँश्च्यौ॒त्नो विश्व॑स्मि॒न्भरे॒ ज्येष्ठ॑श्च॒ मन्त्रो॑ विश्वचर्षणे ॥	1	-1	[[-1]]
10	54	3				क उ॒ नु ते॑ महि॒मन॑ः समस्या॒स्मत्पूर्व॒ ऋष॒योऽन्त॑मापुः । यन्मा॒तरं॑ च पि॒तरं॑ च सा॒कमज॑नयथास्त॒न्व१॒॑ः स्वाया॑ः ॥	1	-1	[[-1]]
10	57	3				मनो॒ न्वा हु॑वामहे नाराशं॒सेन॒ सोमे॑न । पि॒तॄ॒णां च॒ मन्म॑भिः ॥	1	-1	[[-1]]
10	61	1				इ॒दमि॒त्था रौद्रं॑ गू॒र्तव॑चा॒ ब्रह्म॒ क्रत्वा॒ शच्या॑म॒न्तरा॒जौ । क्रा॒णा यद॑स्य पि॒तरा॑ मंहने॒ष्ठाः पर्ष॑त्प॒क्थे अह॒न्ना स॒प्त होतॄ॑न् ॥	1	-1	[[-1]]
10	61	8				स ईं॒ वृषा॒ न फेन॑मस्यदा॒जौ स्मदा परै॒दप॑ द॒भ्रचे॑ताः । सर॑त्प॒दा न दक्षि॑णा परा॒वृङ्न ता नु मे॑ पृश॒न्यो॑ जगृभ्रे ॥	1	-1	[[-1]]
10	62	7				इन्द्रे॑ण यु॒जा निः सृ॑जन्त वा॒घतो॑ व्र॒जं गोम॑न्तम॒श्विन॑म् । स॒हस्रं॑ मे॒ दद॑तो अष्टक॒र्ण्य१॒॑ः श्रवो॑ दे॒वेष्व॑क्रत ॥	1	-1	[[-1]]
10	64	8				त्रिः स॒प्त स॒स्रा न॒द्यो॑ म॒हीर॒पो वन॒स्पती॒न्पर्व॑ताँ अ॒ग्निमू॒तये॑ । कृ॒शानु॒मस्तॄ॑न्ति॒ष्यं॑ स॒धस्थ॒ आ रु॒द्रं रु॒द्रेषु॑ रु॒द्रियं॑ हवामहे ॥	1	-1	[[-1]]
10	66	8				धृ॒तव्र॑ताः क्ष॒त्रिया॑ यज्ञनि॒ष्कृतो॑ बृहद्दि॒वा अ॑ध्व॒राणा॑मभि॒श्रिय॑ः । अ॒ग्निहो॑तार ऋत॒सापो॑ अ॒द्रुहो॒ऽपो अ॑सृज॒न्ननु॑ वृत्र॒तूर्ये॑ ॥	1	-1	[[-1]]
10	67	7				स ईं॑ स॒त्येभि॒ः सखि॑भिः शु॒चद्भि॒र्गोधा॑यसं॒ वि ध॑न॒सैर॑दर्दः । ब्रह्म॑ण॒स्पति॒र्वृष॑भिर्व॒राहै॑र्घ॒र्मस्वे॑देभि॒र्द्रवि॑णं॒ व्या॑नट् ॥	1	-1	[[-1]]
10	68	7				बृह॒स्पति॒रम॑त॒ हि त्यदा॑सां॒ नाम॑ स्व॒रीणां॒ सद॑ने॒ गुहा॒ यत् । आ॒ण्डेव॑ भि॒त्त्वा श॑कु॒नस्य॒ गर्भ॒मुदु॒स्रिया॒ः पर्व॑तस्य॒ त्मना॑जत् ॥	1	-1	[[-1]]
10	68	9				सोषाम॑विन्द॒त्स स्व१॒॑ः सो अ॒ग्निं सो अ॒र्केण॒ वि ब॑बाधे॒ तमां॑सि । बृह॒स्पति॒र्गोव॑पुषो व॒लस्य॒ निर्म॒ज्जानं॒ न पर्व॑णो जभार ॥	1	-1	[[-1]]
10	78	3				वाता॑सो॒ न ये धुन॑यो जिग॒त्नवो॑ऽग्नी॒नां न जि॒ह्वा वि॑रो॒किण॑ः । वर्म॑ण्वन्तो॒ न यो॒धाः शिमी॑वन्तः पितॄ॒णां न शंसा॑ः सुरा॒तय॑ः ॥	1	-1	[[-1]]
10	78	8				सु॒भा॒गान्नो॑ देवाः कृणुता सु॒रत्ना॑न॒स्मान्स्तो॒तॄन्म॑रुतो वावृधा॒नाः । अधि॑ स्तो॒त्रस्य॑ स॒ख्यस्य॑ गात स॒नाद्धि वो॑ रत्न॒धेया॑नि॒ सन्ति॑ ॥	1	-1	[[-1]]
10	86	7				उ॒वे अ॑म्ब सुलाभिके॒ यथे॑वा॒ङ्ग भ॑वि॒ष्यति॑ । भ॒सन्मे॑ अम्ब॒ सक्थि॑ मे॒ शिरो॑ मे॒ वी॑व हृष्यति॒ विश्व॑स्मा॒दिन्द्र॒ उत्त॑रः ॥	1	-1	[[-1]]
10	87	7				उ॒ताल॑ब्धं स्पृणुहि जातवेद आलेभा॒नादृ॒ष्टिभि॑र्यातु॒धाना॑त् । अग्ने॒ पूर्वो॒ नि ज॑हि॒ शोशु॑चान आ॒माद॒ः क्ष्विङ्का॒स्तम॑द॒न्त्वेनी॑ः ॥	1	-1	[[-1]]
10	88	15				द्वे स्रु॒ती अ॑शृणवं पितॄ॒णाम॒हं दे॒वाना॑मु॒त मर्त्या॑नाम् । ताभ्या॑मि॒दं विश्व॒मेज॒त्समे॑ति॒ यद॑न्त॒रा पि॒तरं॑ मा॒तरं॑ च ॥	1	-1	[[-1]]
10	89	8				त्वं ह॒ त्यदृ॑ण॒या इ॑न्द्र॒ धीरो॒ऽसिर्न पर्व॑ वृजि॒ना शृ॑णासि । प्र ये मि॒त्रस्य॒ वरु॑णस्य॒ धाम॒ युजं॒ न जना॑ मि॒नन्ति॑ मि॒त्रम् ॥	1	-1	[[-1]]
10	89	9				प्र ये मि॒त्रं प्रार्य॒मणं॑ दु॒रेवा॒ः प्र सं॒गिर॒ः प्र वरु॑णं मि॒नन्ति॑ । न्य१॒॑मित्रे॑षु व॒धमि॑न्द्र॒ तुम्रं॒ वृष॒न्वृषा॑णमरु॒षं शि॑शीहि ॥	1	-1	[[-1]]
10	93	15				अधीन्न्वत्र॑ सप्त॒तिं च॑ स॒प्त च॑ । 10	1	-1	[[-1]]
10	94	5				सु॒प॒र्णा वाच॑मक्र॒तोप॒ द्यव्या॑ख॒रे कृष्णा॑ इषि॒रा अ॑नर्तिषुः । न्य१॒॑ङ्नि य॒न्त्युप॑रस्य निष्कृ॒तं पु॒रू रेतो॑ दधिरे सूर्य॒श्वित॑ः ॥	1	-1	[[-1]]
10	95	7				सम॑स्मि॒ञ्जाय॑मान आसत॒ ग्ना उ॒तेम॑वर्धन्न॒द्य१॒॑ः स्वगू॑र्ताः । म॒हे यत्त्वा॑ पुरूरवो॒ रणा॒याव॑र्धयन्दस्यु॒हत्या॑य दे॒वाः ॥	1	-1	[[-1]]
10	104	1				असा॑वि॒ सोम॑ः पुरुहूत॒ तुभ्यं॒ हरि॑भ्यां य॒ज्ञमुप॑ याहि॒ तूय॑म् । तुभ्यं॒ गिरो॒ विप्र॑वीरा इया॒ना द॑धन्वि॒र इ॑न्द्र॒ पिबा॑ सु॒तस्य॑ ॥	1	-1	[[-1]]
10	111	3				इन्द्र॒ः किल॒ श्रुत्या॑ अ॒स्य वे॑द॒ स हि जि॒ष्णुः प॑थि॒कृत्सूर्या॑य । आन्मेनां॑ कृ॒ण्वन्नच्यु॑तो॒ भुव॒द्गोः पति॑र्दि॒वः स॑न॒जा अप्र॑तीतः ॥	1	-1	[[-1]]
10	112	5				यस्य॒ शश्व॑त्पपि॒वाँ इ॑न्द्र॒ शत्रू॑ननानुकृ॒त्या रण्या॑ च॒कर्थ॑ । स ते॒ पुरं॑धिं॒ तवि॑षीमियर्ति॒ स ते॒ मदा॑य सु॒त इ॑न्द्र॒ सोम॑ः ॥	1	-1	[[-1]]
10	116	1				पिबा॒ सोमं॑ मह॒त इ॑न्द्रि॒याय॒ पिबा॑ वृ॒त्राय॒ हन्त॑वे शविष्ठ । पिब॑ रा॒ये शव॑से हू॒यमा॑न॒ः पिब॒ मध्व॑स्तृ॒पदि॒न्द्रा वृ॑षस्व ॥	1	-1	[[-1]]
10	116	6				व्य१॒॑र्य इ॑न्द्र तनुहि॒ श्रवां॒स्योज॑ः स्थि॒रेव॒ धन्व॑नो॒ऽभिमा॑तीः । अ॒स्म॒द्र्य॑ग्वावृधा॒नः सहो॑भि॒रनि॑भृष्टस्त॒न्वं॑ वावृधस्व ॥	1	-1	[[-1]]
10	117	1				न वा उ॑ दे॒वाः क्षुध॒मिद्व॒धं द॑दुरु॒ताशि॑त॒मुप॑ गच्छन्ति मृ॒त्यव॑ः । उ॒तो र॒यिः पृ॑ण॒तो नोप॑ दस्यत्यु॒तापृ॑णन्मर्डि॒तारं॒ न वि॑न्दते ॥	1	-1	[[-1]]
10	124	6				इ॒दं स्व॑रि॒दमिदा॑स वा॒मम॒यं प्र॑का॒श उ॒र्व१॒॑न्तरि॑क्षम् । हना॑व वृ॒त्रं नि॒रेहि॑ सोम ह॒विष्ट्वा॒ सन्तं॑ ह॒विषा॑ यजाम ॥	1	-1	[[-1]]
10	124	8				ता अ॑स्य॒ ज्येष्ठ॑मिन्द्रि॒यं स॑चन्ते॒ ता ई॒मा क्षे॑ति स्व॒धया॒ मद॑न्तीः । ता ईं॒ विशो॒ न राजा॑नं वृणा॒ना बी॑भ॒त्सुवो॒ अप॑ वृ॒त्राद॑तिष्ठन् ॥	1	-1	[[-1]]
10	125	4				मया॒ सो अन्न॑मत्ति॒ यो वि॒पश्य॑ति॒ यः प्राणि॑ति॒ य ईं॑ शृ॒णोत्यु॒क्तम् । अ॒म॒न्तवो॒ मां त उप॑ क्षियन्ति श्रु॒धि श्रु॑त श्रद्धि॒वं ते॑ वदामि ॥	1	-1	[[-1]]
10	125	7				अ॒हं सु॑वे पि॒तर॑मस्य मू॒र्धन्मम॒ योनि॑र॒प्स्व१॒॑न्तः स॑मु॒द्रे । ततो॒ वि ति॑ष्ठे॒ भुव॒नानु॒ विश्वो॒तामूं द्यां व॒र्ष्मणोप॑ स्पृशामि ॥	1	-1	[[-1]]
10	128	7				धा॒ता धा॑तॄ॒णां भुव॑नस्य॒ यस्पति॑र्दे॒वं त्रा॒तार॑मभिमातिषा॒हम् । इ॒मं य॒ज्ञम॒श्विनो॒भा बृह॒स्पति॑र्दे॒वाः पा॑न्तु॒ यज॑मानं न्य॒र्थात् ॥	1	-1	[[-1]]
10	130	5				वि॒राण्मि॒त्रावरु॑णयोरभि॒श्रीरिन्द्र॑स्य त्रि॒ष्टुबि॒ह भा॒गो अह्न॑ः । विश्वा॑न्दे॒वाञ्जग॒त्या वि॑वेश॒ तेन॑ चाकॢप्र॒ ऋष॑यो मनु॒ष्या॑ः ॥	1	-1	[[-1]]
10	130	6				चा॒कॢ॒प्रे तेन॒ ऋष॑यो मनु॒ष्या॑ य॒ज्ञे जा॒ते पि॒तरो॑ नः पुरा॒णे । पश्य॑न्मन्ये॒ मन॑सा॒ चक्ष॑सा॒ तान्य इ॒मं य॒ज्ञमय॑जन्त॒ पूर्वे॑ ॥	1	-1	[[-1]]
10	138	1				तव॒ त्य इ॑न्द्र स॒ख्येषु॒ वह्न॑य ऋ॒तं म॑न्वा॒ना व्य॑दर्दिरुर्व॒लम् । यत्रा॑ दश॒स्यन्नु॒षसो॑ रि॒णन्न॒पः कुत्सा॑य॒ मन्म॑न्न॒ह्य॑श्च दं॒सय॑ः ॥	1	-1	[[-1]]
10	142	1				अ॒यम॑ग्ने जरि॒ता त्वे अ॑भू॒दपि॒ सह॑सः सूनो न॒ह्य१॒॑न्यदस्त्याप्य॑म् । भ॒द्रं हि शर्म॑ त्रि॒वरू॑थ॒मस्ति॑ त आ॒रे हिंसा॑ना॒मप॑ दि॒द्युमा कृ॑धि ॥	1	-1	[[-1]]
10	143	5				यु॒वं भु॒ज्युं स॑मु॒द्र आ रज॑सः पा॒र ई॑ङ्खि॒तम् । या॒तमच्छा॑ पत॒त्रिभि॒र्नास॑त्या सा॒तये॑ कृतम् ॥	1	-1	[[-1]]
10	153	3				त्वमि॑न्द्रासि वृत्र॒हा व्य१॒॑न्तरि॑क्षमतिरः । उद्द्याम॑स्तभ्ना॒ ओज॑सा ॥	1	-1	[[-1]]
10	154	4				ये चि॒त्पूर्व॑ ऋत॒साप॑ ऋ॒तावा॑न ऋता॒वृध॑ः । पि॒तॄन्तप॑स्वतो यम॒ ताँश्चि॑दे॒वापि॑ गच्छतात् ॥	1	-1	[[-1]]
10	157	2				य॒ज्ञं च॑ नस्त॒न्वं॑ च प्र॒जां चा॑दि॒त्यैरिन्द्र॑ः स॒ह ची॑कॢपाति ॥	1	-1	[[-1]]
10	164	4				यदि॑न्द्र ब्रह्मणस्पतेऽभिद्रो॒हं चरा॑मसि । प्रचे॑ता न आङ्गिर॒सो द्वि॑ष॒तां पा॒त्वंह॑सः ॥	1	-1	[[-1]]
